{"meta": {"format": 3, "version": "7.15.4", "timestamp": "2026-08-18T09:30:00.840953", "branch_coverage": true, "show_contexts": false}, "files": {"src\\ugts36\\__init__.py": {"executed_lines": [3, 29, 30, 31, 32, 33, 34, 36, 71, 72, 75, 108, 119, 120, 123, 154, 156], "summary": {"covered_lines": 17, "num_statements": 17, "percent_covered": 100.0, "percent_covered_display": "100", "missing_lines": 0, "excluded_lines": 0, "percent_statements_covered": 100.0, "percent_statements_covered_display": "100", "num_branches": 0, "num_partial_branches": 0, "covered_branches": 0, "missing_branches": 0, "percent_branches_covered": 100.0, "percent_branches_covered_display": "100"}, "missing_lines": [], "excluded_lines": [], "executed_branches": [], "missing_branches": [], "functions": {"": {"executed_lines": [3, 29, 30, 31, 32, 33, 34, 36, 71, 72, 75, 108, 119, 120, 123, 154, 156], "summary": {"covered_lines": 17, "num_statements": 17, "percent_covered": 100.0, "percent_covered_display": "100", "missing_lines": 0, "excluded_lines": 0, "percent_statements_covered": 100.0, "percent_statements_covered_display": "100", "num_branches": 0, "num_partial_branches": 0, "covered_branches": 0, "missing_branches": 0, "percent_branches_covered": 100.0, "percent_branches_covered_display": "100"}, "missing_lines": [], "excluded_lines": [], "start_line": 1, "executed_branches": [], "missing_branches": []}}, "classes": {"": {"executed_lines": [3, 29, 30, 31, 32, 33, 34, 36, 71, 72, 75, 108, 119, 120, 123, 154, 156], "summary": {"covered_lines": 17, "num_statements": 17, "percent_covered": 100.0, "percent_covered_display": "100", "missing_lines": 0, "excluded_lines": 0, "percent_statements_covered": 100.0, "percent_statements_covered_display": "100", "num_branches": 0, "num_partial_branches": 0, "covered_branches": 0, "missing_branches": 0, "percent_branches_covered": 100.0, "percent_branches_covered_display": "100"}, "missing_lines": [], "excluded_lines": [], "start_line": 1, "executed_branches": [], "missing_branches": []}}}, "src\\ugts36\\bea_runtime.py": {"executed_lines": [3, 5, 6, 8, 19, 22, 23, 24, 25, 26, 29, 32, 33, 35, 36, 37, 39, 40, 47, 48, 49, 51, 52, 53, 55, 56, 57, 58, 59, 60, 61, 62, 63, 64, 69, 71, 140, 141, 142, 143, 145, 146], "summary": {"covered_lines": 42, "num_statements": 45, "percent_covered": 88.67924528301887, "percent_covered_display": "89", "missing_lines": 3, "excluded_lines": 0, "percent_statements_covered": 93.33333333333333, "percent_statements_covered_display": "93", "num_branches": 8, "num_partial_branches": 3, "covered_branches": 5, "missing_branches": 3, "percent_branches_covered": 62.5, "percent_branches_covered_display": "62"}, "missing_lines": [38, 50, 144], "excluded_lines": [], "executed_branches": [[37, 39], [49, 51], [141, 142], [141, 146], [143, 145]], "missing_branches": [[37, 38], [49, 50], [143, 144]], "functions": {"SyntheticBEARuntime.__init__": {"executed_lines": [33], "summary": {"covered_lines": 1, "num_statements": 1, "percent_covered": 100.0, "percent_covered_display": "100", "missing_lines": 0, "excluded_lines": 0, "percent_statements_covered": 100.0, "percent_statements_covered_display": "100", "num_branches": 0, "num_partial_branches": 0, "covered_branches": 0, "missing_branches": 0, "percent_branches_covered": 100.0, "percent_branches_covered_display": "100"}, "missing_lines": [], "excluded_lines": [], "start_line": 32, "executed_branches": [], "missing_branches": []}, "SyntheticBEARuntime._annotation": {"executed_lines": [36, 37, 39, 40], "summary": {"covered_lines": 4, "num_statements": 5, "percent_covered": 71.42857142857143, "percent_covered_display": "71", "missing_lines": 1, "excluded_lines": 0, "percent_statements_covered": 80.0, "percent_statements_covered_display": "80", "num_branches": 2, "num_partial_branches": 1, "covered_branches": 1, "missing_branches": 1, "percent_branches_covered": 50.0, "percent_branches_covered_display": "50"}, "missing_lines": [38], "excluded_lines": [], "start_line": 35, "executed_branches": [[37, 39]], "missing_branches": [[37, 38]]}, "SyntheticBEARuntime.execute_pair": {"executed_lines": [48, 49, 51, 52, 53, 55, 56, 57, 58, 59, 60, 61, 62, 63, 64, 69, 71, 140, 141, 142, 143, 145, 146], "summary": {"covered_lines": 23, "num_statements": 25, "percent_covered": 87.09677419354838, "percent_covered_display": "87", "missing_lines": 2, "excluded_lines": 0, "percent_statements_covered": 92.0, "percent_statements_covered_display": "92", "num_branches": 6, "num_partial_branches": 2, "covered_branches": 4, "missing_branches": 2, "percent_branches_covered": 66.66666666666667, "percent_branches_covered_display": "67"}, "missing_lines": [50, 144], "excluded_lines": [], "start_line": 47, "executed_branches": [[49, 51], [141, 142], [141, 146], [143, 145]], "missing_branches": [[49, 50], [143, 144]]}, "": {"executed_lines": [3, 5, 6, 8, 19, 22, 23, 24, 25, 26, 29, 32, 35, 47], "summary": {"covered_lines": 14, "num_statements": 14, "percent_covered": 100.0, "percent_covered_display": "100", "missing_lines": 0, "excluded_lines": 0, "percent_statements_covered": 100.0, "percent_statements_covered_display": "100", "num_branches": 0, "num_partial_branches": 0, "covered_branches": 0, "missing_branches": 0, "percent_branches_covered": 100.0, "percent_branches_covered_display": "100"}, "missing_lines": [], "excluded_lines": [], "start_line": 1, "executed_branches": [], "missing_branches": []}}, "classes": {"BEATraceEntry": {"executed_lines": [], "summary": {"covered_lines": 0, "num_statements": 0, "percent_covered": 100.0, "percent_covered_display": "100", "missing_lines": 0, "excluded_lines": 0, "percent_statements_covered": 100.0, "percent_statements_covered_display": "100", "num_branches": 0, "num_partial_branches": 0, "covered_branches": 0, "missing_branches": 0, "percent_branches_covered": 100.0, "percent_branches_covered_display": "100"}, "missing_lines": [], "excluded_lines": [], "start_line": 23, "executed_branches": [], "missing_branches": []}, "SyntheticBEARuntime": {"executed_lines": [33, 36, 37, 39, 40, 48, 49, 51, 52, 53, 55, 56, 57, 58, 59, 60, 61, 62, 63, 64, 69, 71, 140, 141, 142, 143, 145, 146], "summary": {"covered_lines": 28, "num_statements": 31, "percent_covered": 84.61538461538461, "percent_covered_display": "85", "missing_lines": 3, "excluded_lines": 0, "percent_statements_covered": 90.3225806451613, "percent_statements_covered_display": "90", "num_branches": 8, "num_partial_branches": 3, "covered_branches": 5, "missing_branches": 3, "percent_branches_covered": 62.5, "percent_branches_covered_display": "62"}, "missing_lines": [38, 50, 144], "excluded_lines": [], "start_line": 29, "executed_branches": [[37, 39], [49, 51], [141, 142], [141, 146], [143, 145]], "missing_branches": [[37, 38], [49, 50], [143, 144]]}, "": {"executed_lines": [3, 5, 6, 8, 19, 22, 23, 24, 25, 26, 29, 32, 35, 47], "summary": {"covered_lines": 14, "num_statements": 14, "percent_covered": 100.0, "percent_covered_display": "100", "missing_lines": 0, "excluded_lines": 0, "percent_statements_covered": 100.0, "percent_statements_covered_display": "100", "num_branches": 0, "num_partial_branches": 0, "covered_branches": 0, "missing_branches": 0, "percent_branches_covered": 100.0, "percent_branches_covered_display": "100"}, "missing_lines": [], "excluded_lines": [], "start_line": 1, "executed_branches": [], "missing_branches": []}}}, "src\\ugts36\\bea_synthetic.py": {"executed_lines": [23, 25, 26, 27, 28, 31, 39, 40, 43, 44, 45, 46, 48, 49, 51, 53, 55, 57, 58, 60, 61, 64, 65, 68, 69, 70, 71, 72, 73, 74, 76, 77, 79, 80, 81, 84, 85, 87, 88, 89, 93, 95, 96, 97, 100, 101, 102, 103, 107, 117, 118, 119, 120, 121, 124, 125, 126, 127, 128, 129, 130, 131, 133, 134, 135, 137, 138, 139, 141, 142, 143, 146, 147, 150, 151, 152, 153, 154, 155, 156, 157, 159, 160, 161, 164, 165, 166, 167, 169, 170, 171, 172, 173, 175, 176, 177, 178, 180, 182, 183, 184, 187, 188, 191, 192, 193, 194, 195, 196, 198, 199, 200, 202, 204, 205, 207, 208, 210, 213, 214, 215, 217, 218, 219, 221, 222, 223, 225, 226, 227, 228, 229, 231, 232, 234, 236, 237, 238, 240, 241, 242, 244, 245, 246, 248, 249, 257, 258, 269, 270, 271, 272, 273, 274, 275, 276, 277, 278, 279, 280, 281, 284, 299, 300, 301, 302, 305, 306, 307, 308, 310, 311, 312, 313, 314, 316, 317, 318, 319, 320, 321, 332, 333, 335, 336, 351, 352, 353, 354, 355, 356, 368, 377, 378, 379, 381, 384, 385, 386, 387, 388, 389, 390, 391, 392, 393, 394, 396, 397, 398, 405, 413, 414, 416, 417, 420, 421, 422, 423, 424, 427, 428, 429, 430, 435, 436, 444, 455, 457, 460, 463, 464, 465, 466, 467, 468, 476, 479, 480, 483, 484, 485, 486, 487, 489, 490, 491, 493, 494, 495, 496, 505, 506, 508, 510, 511, 512, 514, 515, 527, 528, 529, 531, 532, 533, 534, 535, 536, 537, 540, 541, 542, 543, 544, 545, 546, 547, 549, 550, 551, 554, 557, 559, 560, 563, 567, 569, 573, 580, 582, 585, 586, 589, 590, 593, 594, 597, 598, 599, 600, 601, 602, 603, 604, 605, 606, 608, 609, 611, 613, 615, 618, 619, 620, 622, 623, 624, 626, 627, 628, 630, 631, 632, 634, 635, 636, 638, 639, 640, 642, 643, 644, 646, 647, 648, 650, 651, 652, 654, 655, 656, 657, 658, 659, 665, 666, 667, 669, 670, 671, 672, 673, 675, 677, 678, 679, 683, 685, 686, 688, 689, 690, 692, 694, 695, 696, 698, 700, 701, 707, 708, 734, 742, 743, 744, 745, 746, 747, 748, 754, 755, 769, 772, 775, 776, 779, 780, 782, 783, 786, 787, 788, 789, 792, 793, 796, 797, 798, 800, 801, 803, 804, 806, 808, 810, 811, 813, 814, 815, 819, 820, 822, 825, 826, 828, 830, 832, 833, 835, 836, 838, 839, 843, 844, 845, 850, 851, 858, 859, 861, 863, 864, 876, 877, 878, 879, 880, 881, 882, 883, 884, 885, 886, 887, 888, 889, 890, 891, 892, 894, 895, 896, 903, 915, 916, 917, 919, 920, 943, 950, 951, 952, 953, 954, 955, 956, 957, 958, 959, 960, 965, 989, 991, 994, 1001], "summary": {"covered_lines": 475, "num_statements": 529, "percent_covered": 84.57059679767103, "percent_covered_display": "85", "missing_lines": 54, "excluded_lines": 0, "percent_statements_covered": 89.79206049149339, "percent_statements_covered_display": "90", "num_branches": 158, "num_partial_branches": 50, "covered_branches": 106, "missing_branches": 52, "percent_branches_covered": 67.0886075949367, "percent_branches_covered_display": "67"}, "missing_lines": [50, 52, 54, 56, 59, 78, 82, 86, 179, 181, 201, 203, 206, 209, 211, 224, 303, 315, 334, 380, 415, 425, 456, 507, 509, 530, 538, 539, 548, 558, 568, 581, 610, 612, 614, 616, 674, 676, 691, 697, 749, 750, 751, 753, 781, 802, 805, 807, 809, 816, 817, 823, 860, 990], "excluded_lines": [], "executed_branches": [[49, 51], [51, 53], [53, 55], [55, 57], [57, -48], [57, 58], [58, 60], [60, 57], [60, 61], [77, 79], [79, 80], [79, 81], [81, -76], [85, 87], [88, 89], [97, 100], [97, 101], [171, 172], [171, 173], [178, 180], [180, 182], [183, -175], [183, 184], [200, 202], [202, 204], [205, 207], [207, -198], [207, 208], [208, 210], [210, 207], [223, 225], [226, 227], [226, 229], [227, 226], [227, 228], [272, 273], [272, 279], [273, 274], [273, 277], [274, 275], [277, 272], [277, 278], [279, 280], [302, 305], [310, 311], [310, 332], [314, 316], [316, 310], [316, 317], [332, 333], [332, 351], [333, 335], [351, 352], [351, 368], [379, 381], [414, 416], [416, 417], [416, 420], [421, 422], [421, 424], [422, 421], [422, 423], [424, 427], [455, 457], [465, 466], [465, 468], [506, 508], [508, 510], [529, 531], [535, 536], [535, 551], [537, 540], [543, 544], [543, 549], [544, 545], [544, 546], [547, 543], [557, 559], [559, 560], [559, 563], [567, 569], [580, 582], [609, 611], [611, 613], [613, 615], [615, -608], [657, 658], [657, 659], [672, 673], [672, 683], [673, 675], [675, 677], [690, 692], [696, 698], [746, 747], [780, 782], [801, 803], [803, 804], [803, 808], [804, 806], [806, 803], [808, 810], [810, -800], [810, 811], [859, 861], [989, 991]], "missing_branches": [[49, 50], [51, 52], [53, 54], [55, 56], [58, 59], [77, 78], [81, 82], [85, 86], [88, 93], [178, 179], [180, 181], [200, 201], [202, 203], [205, 206], [208, 209], [210, 211], [223, 224], [274, 272], [279, 281], [302, 303], [314, 315], [333, 334], [379, 380], [414, 415], [424, 425], [455, 456], [506, 507], [508, 509], [529, 530], [537, 538], [547, 548], [557, 558], [567, 568], [580, 581], [609, 610], [611, 612], [613, 614], [615, 616], [673, 674], [675, 676], [690, 691], [696, 697], [746, 749], [749, 750], [749, 753], [780, 781], [801, 802], [804, 805], [806, 807], [808, 809], [859, 860], [989, 990]], "functions": {"RepresentationAnnotation.__post_init__": {"executed_lines": [49, 51, 53, 55, 57, 58, 60, 61], "summary": {"covered_lines": 8, "num_statements": 13, "percent_covered": 62.96296296296296, "percent_covered_display": "63", "missing_lines": 5, "excluded_lines": 0, "percent_statements_covered": 61.53846153846154, "percent_statements_covered_display": "62", "num_branches": 14, "num_partial_branches": 5, "covered_branches": 9, "missing_branches": 5, "percent_branches_covered": 64.28571428571429, "percent_branches_covered_display": "64"}, "missing_lines": [50, 52, 54, 56, 59], "excluded_lines": [], "start_line": 48, "executed_branches": [[49, 51], [51, 53], [53, 55], [55, 57], [57, -48], [57, 58], [58, 60], [60, 57], [60, 61]], "missing_branches": [[49, 50], [51, 52], [53, 54], [55, 56], [58, 59]]}, "SyntheticTextProfile.__post_init__": {"executed_lines": [77, 79, 80, 81], "summary": {"covered_lines": 4, "num_statements": 6, "percent_covered": 66.66666666666667, "percent_covered_display": "67", "missing_lines": 2, "excluded_lines": 0, "percent_statements_covered": 66.66666666666667, "percent_statements_covered_display": "67", "num_branches": 6, "num_partial_branches": 2, "covered_branches": 4, "missing_branches": 2, "percent_branches_covered": 66.66666666666667, "percent_branches_covered_display": "67"}, "missing_lines": [78, 82], "excluded_lines": [], "start_line": 76, "executed_branches": [[77, 79], [79, 80], [79, 81], [81, -76]], "missing_branches": [[77, 78], [81, 82]]}, "SyntheticTextProfile.normalize": {"executed_lines": [85, 87, 88, 89, 93], "summary": {"covered_lines": 5, "num_statements": 6, "percent_covered": 70.0, "percent_covered_display": "70", "missing_lines": 1, "excluded_lines": 0, "percent_statements_covered": 83.33333333333333, "percent_statements_covered_display": "83", "num_branches": 4, "num_partial_branches": 2, "covered_branches": 2, "missing_branches": 2, "percent_branches_covered": 50.0, "percent_branches_covered_display": "50"}, "missing_lines": [86], "excluded_lines": [], "start_line": 84, "executed_branches": [[85, 87], [88, 89]], "missing_branches": [[85, 86], [88, 93]]}, "SyntheticTextProfile.transduce": {"executed_lines": [96, 97, 100, 101, 102, 103, 107], "summary": {"covered_lines": 7, "num_statements": 7, "percent_covered": 100.0, "percent_covered_display": "100", "missing_lines": 0, "excluded_lines": 0, "percent_statements_covered": 100.0, "percent_statements_covered_display": "100", "num_branches": 2, "num_partial_branches": 0, "covered_branches": 2, "missing_branches": 0, "percent_branches_covered": 100.0, "percent_branches_covered_display": "100"}, "missing_lines": [], "excluded_lines": [], "start_line": 95, "executed_branches": [[97, 100], [97, 101]], "missing_branches": []}, "TransducedRepresentation.token_count": {"executed_lines": [135], "summary": {"covered_lines": 1, "num_statements": 1, "percent_covered": 100.0, "percent_covered_display": "100", "missing_lines": 0, "excluded_lines": 0, "percent_statements_covered": 100.0, "percent_statements_covered_display": "100", "num_branches": 0, "num_partial_branches": 0, "covered_branches": 0, "missing_branches": 0, "percent_branches_covered": 100.0, "percent_branches_covered_display": "100"}, "missing_lines": [], "excluded_lines": [], "start_line": 134, "executed_branches": [], "missing_branches": []}, "TransducedRepresentation.whitespace_count": {"executed_lines": [139], "summary": {"covered_lines": 1, "num_statements": 1, "percent_covered": 100.0, "percent_covered_display": "100", "missing_lines": 0, "excluded_lines": 0, "percent_statements_covered": 100.0, "percent_statements_covered_display": "100", "num_branches": 0, "num_partial_branches": 0, "covered_branches": 0, "missing_branches": 0, "percent_branches_covered": 100.0, "percent_branches_covered_display": "100"}, "missing_lines": [], "excluded_lines": [], "start_line": 138, "executed_branches": [], "missing_branches": []}, "TransducedRepresentation.intrinsic_cycle_count": {"executed_lines": [143], "summary": {"covered_lines": 1, "num_statements": 1, "percent_covered": 100.0, "percent_covered_display": "100", "missing_lines": 0, "excluded_lines": 0, "percent_statements_covered": 100.0, "percent_statements_covered_display": "100", "num_branches": 0, "num_partial_branches": 0, "covered_branches": 0, "missing_branches": 0, "percent_branches_covered": 100.0, "percent_branches_covered_display": "100"}, "missing_lines": [], "excluded_lines": [], "start_line": 142, "executed_branches": [], "missing_branches": []}, "CellEdge.is_loop": {"executed_lines": [161], "summary": {"covered_lines": 1, "num_statements": 1, "percent_covered": 100.0, "percent_covered_display": "100", "missing_lines": 0, "excluded_lines": 0, "percent_statements_covered": 100.0, "percent_statements_covered_display": "100", "num_branches": 0, "num_partial_branches": 0, "covered_branches": 0, "missing_branches": 0, "percent_branches_covered": 100.0, "percent_branches_covered_display": "100"}, "missing_lines": [], "excluded_lines": [], "start_line": 160, "executed_branches": [], "missing_branches": []}, "_UnionFind.__init__": {"executed_lines": [166, 167], "summary": {"covered_lines": 2, "num_statements": 2, "percent_covered": 100.0, "percent_covered_display": "100", "missing_lines": 0, "excluded_lines": 0, "percent_statements_covered": 100.0, "percent_statements_covered_display": "100", "num_branches": 0, "num_partial_branches": 0, "covered_branches": 0, "missing_branches": 0, "percent_branches_covered": 100.0, "percent_branches_covered_display": "100"}, "missing_lines": [], "excluded_lines": [], "start_line": 165, "executed_branches": [], "missing_branches": []}, "_UnionFind.find": {"executed_lines": [170, 171, 172, 173], "summary": {"covered_lines": 4, "num_statements": 4, "percent_covered": 100.0, "percent_covered_display": "100", "missing_lines": 0, "excluded_lines": 0, "percent_statements_covered": 100.0, "percent_statements_covered_display": "100", "num_branches": 2, "num_partial_branches": 0, "covered_branches": 2, "missing_branches": 0, "percent_branches_covered": 100.0, "percent_branches_covered_display": "100"}, "missing_lines": [], "excluded_lines": [], "start_line": 169, "executed_branches": [[171, 172], [171, 173]], "missing_branches": []}, "_UnionFind.union": {"executed_lines": [176, 177, 178, 180, 182, 183, 184], "summary": {"covered_lines": 7, "num_statements": 9, "percent_covered": 73.33333333333333, "percent_covered_display": "73", "missing_lines": 2, "excluded_lines": 0, "percent_statements_covered": 77.77777777777777, "percent_statements_covered_display": "78", "num_branches": 6, "num_partial_branches": 2, "covered_branches": 4, "missing_branches": 2, "percent_branches_covered": 66.66666666666667, "percent_branches_covered_display": "67"}, "missing_lines": [179, 181], "excluded_lines": [], "start_line": 175, "executed_branches": [[178, 180], [180, 182], [183, -175], [183, 184]], "missing_branches": [[178, 179], [180, 181]]}, "CellComplex1D.__post_init__": {"executed_lines": [199, 200, 202, 204, 205, 207, 208, 210], "summary": {"covered_lines": 8, "num_statements": 13, "percent_covered": 60.0, "percent_covered_display": "60", "missing_lines": 5, "excluded_lines": 0, "percent_statements_covered": 61.53846153846154, "percent_statements_covered_display": "62", "num_branches": 12, "num_partial_branches": 5, "covered_branches": 7, "missing_branches": 5, "percent_branches_covered": 58.333333333333336, "percent_branches_covered_display": "58"}, "missing_lines": [201, 203, 206, 209, 211], "excluded_lines": [], "start_line": 198, "executed_branches": [[200, 202], [202, 204], [205, 207], [207, -198], [207, 208], [208, 210], [210, 207]], "missing_branches": [[200, 201], [202, 203], [205, 206], [208, 209], [210, 211]]}, "CellComplex1D.vertex_count": {"executed_lines": [215], "summary": {"covered_lines": 1, "num_statements": 1, "percent_covered": 100.0, "percent_covered_display": "100", "missing_lines": 0, "excluded_lines": 0, "percent_statements_covered": 100.0, "percent_statements_covered_display": "100", "num_branches": 0, "num_partial_branches": 0, "covered_branches": 0, "missing_branches": 0, "percent_branches_covered": 100.0, "percent_branches_covered_display": "100"}, "missing_lines": [], "excluded_lines": [], "start_line": 214, "executed_branches": [], "missing_branches": []}, "CellComplex1D.edge_count": {"executed_lines": [219], "summary": {"covered_lines": 1, "num_statements": 1, "percent_covered": 100.0, "percent_covered_display": "100", "missing_lines": 0, "excluded_lines": 0, "percent_statements_covered": 100.0, "percent_statements_covered_display": "100", "num_branches": 0, "num_partial_branches": 0, "covered_branches": 0, "missing_branches": 0, "percent_branches_covered": 100.0, "percent_branches_covered_display": "100"}, "missing_lines": [], "excluded_lines": [], "start_line": 218, "executed_branches": [], "missing_branches": []}, "CellComplex1D.beta0": {"executed_lines": [223, 225, 226, 227, 228, 229], "summary": {"covered_lines": 6, "num_statements": 7, "percent_covered": 84.61538461538461, "percent_covered_display": "85", "missing_lines": 1, "excluded_lines": 0, "percent_statements_covered": 85.71428571428571, "percent_statements_covered_display": "86", "num_branches": 6, "num_partial_branches": 1, "covered_branches": 5, "missing_branches": 1, "percent_branches_covered": 83.33333333333333, "percent_branches_covered_display": "83"}, "missing_lines": [224], "excluded_lines": [], "start_line": 222, "executed_branches": [[223, 225], [226, 227], [226, 229], [227, 226], [227, 228]], "missing_branches": [[223, 224]]}, "CellComplex1D.beta1": {"executed_lines": [234], "summary": {"covered_lines": 1, "num_statements": 1, "percent_covered": 100.0, "percent_covered_display": "100", "missing_lines": 0, "excluded_lines": 0, "percent_statements_covered": 100.0, "percent_statements_covered_display": "100", "num_branches": 0, "num_partial_branches": 0, "covered_branches": 0, "missing_branches": 0, "percent_branches_covered": 100.0, "percent_branches_covered_display": "100"}, "missing_lines": [], "excluded_lines": [], "start_line": 232, "executed_branches": [], "missing_branches": []}, "CellComplex1D.euler_characteristic": {"executed_lines": [238], "summary": {"covered_lines": 1, "num_statements": 1, "percent_covered": 100.0, "percent_covered_display": "100", "missing_lines": 0, "excluded_lines": 0, "percent_statements_covered": 100.0, "percent_statements_covered_display": "100", "num_branches": 0, "num_partial_branches": 0, "covered_branches": 0, "missing_branches": 0, "percent_branches_covered": 100.0, "percent_branches_covered_display": "100"}, "missing_lines": [], "excluded_lines": [], "start_line": 237, "executed_branches": [], "missing_branches": []}, "CellComplex1D.intrinsic_cycle_edges": {"executed_lines": [242], "summary": {"covered_lines": 1, "num_statements": 1, "percent_covered": 100.0, "percent_covered_display": "100", "missing_lines": 0, "excluded_lines": 0, "percent_statements_covered": 100.0, "percent_statements_covered_display": "100", "num_branches": 0, "num_partial_branches": 0, "covered_branches": 0, "missing_branches": 0, "percent_branches_covered": 100.0, "percent_branches_covered_display": "100"}, "missing_lines": [], "excluded_lines": [], "start_line": 241, "executed_branches": [], "missing_branches": []}, "CellComplex1D.space_hinge_edges": {"executed_lines": [246], "summary": {"covered_lines": 1, "num_statements": 1, "percent_covered": 100.0, "percent_covered_display": "100", "missing_lines": 0, "excluded_lines": 0, "percent_statements_covered": 100.0, "percent_statements_covered_display": "100", "num_branches": 0, "num_partial_branches": 0, "covered_branches": 0, "missing_branches": 0, "percent_branches_covered": 100.0, "percent_branches_covered_display": "100"}, "missing_lines": [], "excluded_lines": [], "start_line": 245, "executed_branches": [], "missing_branches": []}, "CellComplex1D.betti_signature": {"executed_lines": [249], "summary": {"covered_lines": 1, "num_statements": 1, "percent_covered": 100.0, "percent_covered_display": "100", "missing_lines": 0, "excluded_lines": 0, "percent_statements_covered": 100.0, "percent_statements_covered_display": "100", "num_branches": 0, "num_partial_branches": 0, "covered_branches": 0, "missing_branches": 0, "percent_branches_covered": 100.0, "percent_branches_covered_display": "100"}, "missing_lines": [], "excluded_lines": [], "start_line": 248, "executed_branches": [], "missing_branches": []}, "CellComplex1D.to_dict": {"executed_lines": [258], "summary": {"covered_lines": 1, "num_statements": 1, "percent_covered": 100.0, "percent_covered_display": "100", "missing_lines": 0, "excluded_lines": 0, "percent_statements_covered": 100.0, "percent_statements_covered_display": "100", "num_branches": 0, "num_partial_branches": 0, "covered_branches": 0, "missing_branches": 0, "percent_branches_covered": 100.0, "percent_branches_covered_display": "100"}, "missing_lines": [], "excluded_lines": [], "start_line": 257, "executed_branches": [], "missing_branches": []}, "_token_ranges": {"executed_lines": [270, 271, 272, 273, 274, 275, 276, 277, 278, 279, 280, 281], "summary": {"covered_lines": 12, "num_statements": 12, "percent_covered": 90.9090909090909, "percent_covered_display": "91", "missing_lines": 0, "excluded_lines": 0, "percent_statements_covered": 100.0, "percent_statements_covered_display": "100", "num_branches": 10, "num_partial_branches": 2, "covered_branches": 8, "missing_branches": 2, "percent_branches_covered": 80.0, "percent_branches_covered_display": "80"}, "missing_lines": [], "excluded_lines": [], "start_line": 269, "executed_branches": [[272, 273], [272, 279], [273, 274], [273, 277], [274, 275], [277, 272], [277, 278], [279, 280]], "missing_branches": [[274, 272], [279, 281]]}, "build_augmented_cell_complex": {"executed_lines": [299, 300, 301, 302, 305, 306, 307, 308, 310, 311, 312, 313, 314, 316, 317, 318, 319, 320, 321, 332, 333, 335, 336, 351, 352, 353, 354, 355, 356, 368, 377, 378, 379, 381], "summary": {"covered_lines": 34, "num_statements": 38, "percent_covered": 85.18518518518519, "percent_covered_display": "85", "missing_lines": 4, "excluded_lines": 0, "percent_statements_covered": 89.47368421052632, "percent_statements_covered_display": "89", "num_branches": 16, "num_partial_branches": 4, "covered_branches": 12, "missing_branches": 4, "percent_branches_covered": 75.0, "percent_branches_covered_display": "75"}, "missing_lines": [303, 315, 334, 380], "excluded_lines": [], "start_line": 284, "executed_branches": [[302, 305], [310, 311], [310, 332], [314, 316], [316, 310], [316, 317], [332, 333], [332, 351], [333, 335], [351, 352], [351, 368], [379, 381]], "missing_branches": [[302, 303], [314, 315], [333, 334], [379, 380]]}, "SpaceHoleTradeRecord.valid": {"executed_lines": [398], "summary": {"covered_lines": 1, "num_statements": 1, "percent_covered": 100.0, "percent_covered_display": "100", "missing_lines": 0, "excluded_lines": 0, "percent_statements_covered": 100.0, "percent_statements_covered_display": "100", "num_branches": 0, "num_partial_branches": 0, "covered_branches": 0, "missing_branches": 0, "percent_branches_covered": 100.0, "percent_branches_covered_display": "100"}, "missing_lines": [], "excluded_lines": [], "start_line": 397, "executed_branches": [], "missing_branches": []}, "trade_one_space_loop": {"executed_lines": [413, 414, 416, 417, 420, 421, 422, 423, 424, 427, 428, 429, 430, 435, 436, 444, 455, 457], "summary": {"covered_lines": 18, "num_statements": 21, "percent_covered": 81.81818181818181, "percent_covered_display": "82", "missing_lines": 3, "excluded_lines": 0, "percent_statements_covered": 85.71428571428571, "percent_statements_covered_display": "86", "num_branches": 12, "num_partial_branches": 3, "covered_branches": 9, "missing_branches": 3, "percent_branches_covered": 75.0, "percent_branches_covered_display": "75"}, "missing_lines": [415, 425, 456], "excluded_lines": [], "start_line": 405, "executed_branches": [[414, 416], [416, 417], [416, 420], [421, 422], [421, 424], [422, 421], [422, 423], [424, 427], [455, 457]], "missing_branches": [[414, 415], [424, 425], [455, 456]]}, "collapse_whitespace_hinges": {"executed_lines": [463, 464, 465, 466, 467, 468, 476], "summary": {"covered_lines": 7, "num_statements": 7, "percent_covered": 100.0, "percent_covered_display": "100", "missing_lines": 0, "excluded_lines": 0, "percent_statements_covered": 100.0, "percent_statements_covered_display": "100", "num_branches": 2, "num_partial_branches": 0, "covered_branches": 2, "missing_branches": 0, "percent_branches_covered": 100.0, "percent_branches_covered_display": "100"}, "missing_lines": [], "excluded_lines": [], "start_line": 460, "executed_branches": [[465, 466], [465, 468]], "missing_branches": []}, "TorusImmersionCertificate.homology_rank": {"executed_lines": [491], "summary": {"covered_lines": 1, "num_statements": 1, "percent_covered": 100.0, "percent_covered_display": "100", "missing_lines": 0, "excluded_lines": 0, "percent_statements_covered": 100.0, "percent_statements_covered_display": "100", "num_branches": 0, "num_partial_branches": 0, "covered_branches": 0, "missing_branches": 0, "percent_branches_covered": 100.0, "percent_branches_covered_display": "100"}, "missing_lines": [], "excluded_lines": [], "start_line": 490, "executed_branches": [], "missing_branches": []}, "TorusImmersionCertificate.valid": {"executed_lines": [495, 496], "summary": {"covered_lines": 2, "num_statements": 2, "percent_covered": 100.0, "percent_covered_display": "100", "missing_lines": 0, "excluded_lines": 0, "percent_statements_covered": 100.0, "percent_statements_covered_display": "100", "num_branches": 0, "num_partial_branches": 0, "covered_branches": 0, "missing_branches": 0, "percent_branches_covered": 100.0, "percent_branches_covered_display": "100"}, "missing_lines": [], "excluded_lines": [], "start_line": 494, "executed_branches": [], "missing_branches": []}, "TorusImmersionCertificate.coordinate_point": {"executed_lines": [506, 508, 510, 511, 512], "summary": {"covered_lines": 5, "num_statements": 7, "percent_covered": 63.63636363636363, "percent_covered_display": "64", "missing_lines": 2, "excluded_lines": 0, "percent_statements_covered": 71.42857142857143, "percent_statements_covered_display": "71", "num_branches": 4, "num_partial_branches": 2, "covered_branches": 2, "missing_branches": 2, "percent_branches_covered": 50.0, "percent_branches_covered_display": "50"}, "missing_lines": [507, 509], "excluded_lines": [], "start_line": 505, "executed_branches": [[506, 508], [508, 510]], "missing_branches": [[506, 507], [508, 509]]}, "TorusImmersionCertificate.to_dict": {"executed_lines": [515], "summary": {"covered_lines": 1, "num_statements": 1, "percent_covered": 100.0, "percent_covered_display": "100", "missing_lines": 0, "excluded_lines": 0, "percent_statements_covered": 100.0, "percent_statements_covered_display": "100", "num_branches": 0, "num_partial_branches": 0, "covered_branches": 0, "missing_branches": 0, "percent_branches_covered": 100.0, "percent_branches_covered_display": "100"}, "missing_lines": [], "excluded_lines": [], "start_line": 514, "executed_branches": [], "missing_branches": []}, "_rank_over_rationals": {"executed_lines": [528, 529, 531, 532, 533, 534, 535, 536, 537, 540, 541, 542, 543, 544, 545, 546, 547, 549, 550, 551], "summary": {"covered_lines": 20, "num_statements": 24, "percent_covered": 80.55555555555556, "percent_covered_display": "81", "missing_lines": 4, "excluded_lines": 0, "percent_statements_covered": 83.33333333333333, "percent_statements_covered_display": "83", "num_branches": 12, "num_partial_branches": 3, "covered_branches": 9, "missing_branches": 3, "percent_branches_covered": 75.0, "percent_branches_covered_display": "75"}, "missing_lines": [530, 538, 539, 548], "excluded_lines": [], "start_line": 527, "executed_branches": [[529, 531], [535, 536], [535, 551], [537, 540], [543, 544], [543, 549], [544, 545], [544, 546], [547, 543]], "missing_branches": [[529, 530], [537, 538], [547, 548]]}, "build_torus_immersion": {"executed_lines": [557, 559, 560, 563, 567, 569, 573, 580, 582], "summary": {"covered_lines": 9, "num_statements": 12, "percent_covered": 70.0, "percent_covered_display": "70", "missing_lines": 3, "excluded_lines": 0, "percent_statements_covered": 75.0, "percent_statements_covered_display": "75", "num_branches": 8, "num_partial_branches": 3, "covered_branches": 5, "missing_branches": 3, "percent_branches_covered": 62.5, "percent_branches_covered_display": "62"}, "missing_lines": [558, 568, 581], "excluded_lines": [], "start_line": 554, "executed_branches": [[557, 559], [559, 560], [559, 563], [567, 569], [580, 582]], "missing_branches": [[557, 558], [567, 568], [580, 581]]}, "bit_weight": {"executed_lines": [586], "summary": {"covered_lines": 1, "num_statements": 1, "percent_covered": 100.0, "percent_covered_display": "100", "missing_lines": 0, "excluded_lines": 0, "percent_statements_covered": 100.0, "percent_statements_covered_display": "100", "num_branches": 0, "num_partial_branches": 0, "covered_branches": 0, "missing_branches": 0, "percent_branches_covered": 100.0, "percent_branches_covered_display": "100"}, "missing_lines": [], "excluded_lines": [], "start_line": 585, "executed_branches": [], "missing_branches": []}, "bit_parity": {"executed_lines": [590], "summary": {"covered_lines": 1, "num_statements": 1, "percent_covered": 100.0, "percent_covered_display": "100", "missing_lines": 0, "excluded_lines": 0, "percent_statements_covered": 100.0, "percent_statements_covered_display": "100", "num_branches": 0, "num_partial_branches": 0, "covered_branches": 0, "missing_branches": 0, "percent_branches_covered": 100.0, "percent_branches_covered_display": "100"}, "missing_lines": [], "excluded_lines": [], "start_line": 589, "executed_branches": [], "missing_branches": []}, "XorDeltaMatrix.__post_init__": {"executed_lines": [609, 611, 613, 615], "summary": {"covered_lines": 4, "num_statements": 8, "percent_covered": 50.0, "percent_covered_display": "50", "missing_lines": 4, "excluded_lines": 0, "percent_statements_covered": 50.0, "percent_statements_covered_display": "50", "num_branches": 8, "num_partial_branches": 4, "covered_branches": 4, "missing_branches": 4, "percent_branches_covered": 50.0, "percent_branches_covered_display": "50"}, "missing_lines": [610, 612, 614, 616], "excluded_lines": [], "start_line": 608, "executed_branches": [[609, 611], [611, 613], [613, 615], [615, -608]], "missing_branches": [[609, 610], [611, 612], [613, 614], [615, 616]]}, "XorDeltaMatrix.n": {"executed_lines": [620], "summary": {"covered_lines": 1, "num_statements": 1, "percent_covered": 100.0, "percent_covered_display": "100", "missing_lines": 0, "excluded_lines": 0, "percent_statements_covered": 100.0, "percent_statements_covered_display": "100", "num_branches": 0, "num_partial_branches": 0, "covered_branches": 0, "missing_branches": 0, "percent_branches_covered": 100.0, "percent_branches_covered_display": "100"}, "missing_lines": [], "excluded_lines": [], "start_line": 619, "executed_branches": [], "missing_branches": []}, "XorDeltaMatrix.source_weight": {"executed_lines": [624], "summary": {"covered_lines": 1, "num_statements": 1, "percent_covered": 100.0, "percent_covered_display": "100", "missing_lines": 0, "excluded_lines": 0, "percent_statements_covered": 100.0, "percent_statements_covered_display": "100", "num_branches": 0, "num_partial_branches": 0, "covered_branches": 0, "missing_branches": 0, "percent_branches_covered": 100.0, "percent_branches_covered_display": "100"}, "missing_lines": [], "excluded_lines": [], "start_line": 623, "executed_branches": [], "missing_branches": []}, "XorDeltaMatrix.target_weight": {"executed_lines": [628], "summary": {"covered_lines": 1, "num_statements": 1, "percent_covered": 100.0, "percent_covered_display": "100", "missing_lines": 0, "excluded_lines": 0, "percent_statements_covered": 100.0, "percent_statements_covered_display": "100", "num_branches": 0, "num_partial_branches": 0, "covered_branches": 0, "missing_branches": 0, "percent_branches_covered": 100.0, "percent_branches_covered_display": "100"}, "missing_lines": [], "excluded_lines": [], "start_line": 627, "executed_branches": [], "missing_branches": []}, "XorDeltaMatrix.delta_weight": {"executed_lines": [632], "summary": {"covered_lines": 1, "num_statements": 1, "percent_covered": 100.0, "percent_covered_display": "100", "missing_lines": 0, "excluded_lines": 0, "percent_statements_covered": 100.0, "percent_statements_covered_display": "100", "num_branches": 0, "num_partial_branches": 0, "covered_branches": 0, "missing_branches": 0, "percent_branches_covered": 100.0, "percent_branches_covered_display": "100"}, "missing_lines": [], "excluded_lines": [], "start_line": 631, "executed_branches": [], "missing_branches": []}, "XorDeltaMatrix.source_parity": {"executed_lines": [636], "summary": {"covered_lines": 1, "num_statements": 1, "percent_covered": 100.0, "percent_covered_display": "100", "missing_lines": 0, "excluded_lines": 0, "percent_statements_covered": 100.0, "percent_statements_covered_display": "100", "num_branches": 0, "num_partial_branches": 0, "covered_branches": 0, "missing_branches": 0, "percent_branches_covered": 100.0, "percent_branches_covered_display": "100"}, "missing_lines": [], "excluded_lines": [], "start_line": 635, "executed_branches": [], "missing_branches": []}, "XorDeltaMatrix.target_parity": {"executed_lines": [640], "summary": {"covered_lines": 1, "num_statements": 1, "percent_covered": 100.0, "percent_covered_display": "100", "missing_lines": 0, "excluded_lines": 0, "percent_statements_covered": 100.0, "percent_statements_covered_display": "100", "num_branches": 0, "num_partial_branches": 0, "covered_branches": 0, "missing_branches": 0, "percent_branches_covered": 100.0, "percent_branches_covered_display": "100"}, "missing_lines": [], "excluded_lines": [], "start_line": 639, "executed_branches": [], "missing_branches": []}, "XorDeltaMatrix.delta_is_even": {"executed_lines": [644], "summary": {"covered_lines": 1, "num_statements": 1, "percent_covered": 100.0, "percent_covered_display": "100", "missing_lines": 0, "excluded_lines": 0, "percent_statements_covered": 100.0, "percent_statements_covered_display": "100", "num_branches": 0, "num_partial_branches": 0, "covered_branches": 0, "missing_branches": 0, "percent_branches_covered": 100.0, "percent_branches_covered_display": "100"}, "missing_lines": [], "excluded_lines": [], "start_line": 643, "executed_branches": [], "missing_branches": []}, "XorDeltaMatrix.parity_preserved": {"executed_lines": [648], "summary": {"covered_lines": 1, "num_statements": 1, "percent_covered": 100.0, "percent_covered_display": "100", "missing_lines": 0, "excluded_lines": 0, "percent_statements_covered": 100.0, "percent_statements_covered_display": "100", "num_branches": 0, "num_partial_branches": 0, "covered_branches": 0, "missing_branches": 0, "percent_branches_covered": 100.0, "percent_branches_covered_display": "100"}, "missing_lines": [], "excluded_lines": [], "start_line": 647, "executed_branches": [], "missing_branches": []}, "XorDeltaMatrix.matrix_rows": {"executed_lines": [652], "summary": {"covered_lines": 1, "num_statements": 1, "percent_covered": 100.0, "percent_covered_display": "100", "missing_lines": 0, "excluded_lines": 0, "percent_statements_covered": 100.0, "percent_statements_covered_display": "100", "num_branches": 0, "num_partial_branches": 0, "covered_branches": 0, "missing_branches": 0, "percent_branches_covered": 100.0, "percent_branches_covered_display": "100"}, "missing_lines": [], "excluded_lines": [], "start_line": 651, "executed_branches": [], "missing_branches": []}, "XorDeltaMatrix.repeated_row_classes": {"executed_lines": [656, 657, 658, 659], "summary": {"covered_lines": 4, "num_statements": 4, "percent_covered": 100.0, "percent_covered_display": "100", "missing_lines": 0, "excluded_lines": 0, "percent_statements_covered": 100.0, "percent_statements_covered_display": "100", "num_branches": 2, "num_partial_branches": 0, "covered_branches": 2, "missing_branches": 0, "percent_branches_covered": 100.0, "percent_branches_covered_display": "100"}, "missing_lines": [], "excluded_lines": [], "start_line": 655, "executed_branches": [[657, 658], [657, 659]], "missing_branches": []}, "XorDeltaMatrix.even_subspace_dimension": {"executed_lines": [667], "summary": {"covered_lines": 1, "num_statements": 1, "percent_covered": 100.0, "percent_covered_display": "100", "missing_lines": 0, "excluded_lines": 0, "percent_statements_covered": 100.0, "percent_statements_covered_display": "100", "num_branches": 0, "num_partial_branches": 0, "covered_branches": 0, "missing_branches": 0, "percent_branches_covered": 100.0, "percent_branches_covered_display": "100"}, "missing_lines": [], "excluded_lines": [], "start_line": 666, "executed_branches": [], "missing_branches": []}, "XorDeltaMatrix.symmetric_subspace_dimension": {"executed_lines": [670, 671, 672, 673, 675, 677, 678, 679, 683], "summary": {"covered_lines": 9, "num_statements": 11, "percent_covered": 76.47058823529412, "percent_covered_display": "76", "missing_lines": 2, "excluded_lines": 0, "percent_statements_covered": 81.81818181818181, "percent_statements_covered_display": "82", "num_branches": 6, "num_partial_branches": 2, "covered_branches": 4, "missing_branches": 2, "percent_branches_covered": 66.66666666666667, "percent_branches_covered_display": "67"}, "missing_lines": [674, 676], "excluded_lines": [], "start_line": 669, "executed_branches": [[672, 673], [672, 683], [673, 675], [675, 677]], "missing_branches": [[673, 674], [675, 676]]}, "XorDeltaMatrix.satisfies_equal_row_pairs": {"executed_lines": [686], "summary": {"covered_lines": 1, "num_statements": 1, "percent_covered": 100.0, "percent_covered_display": "100", "missing_lines": 0, "excluded_lines": 0, "percent_statements_covered": 100.0, "percent_statements_covered_display": "100", "num_branches": 0, "num_partial_branches": 0, "covered_branches": 0, "missing_branches": 0, "percent_branches_covered": 100.0, "percent_branches_covered_display": "100"}, "missing_lines": [], "excluded_lines": [], "start_line": 685, "executed_branches": [], "missing_branches": []}, "XorDeltaMatrix.apply": {"executed_lines": [689, 690, 692], "summary": {"covered_lines": 3, "num_statements": 4, "percent_covered": 66.66666666666667, "percent_covered_display": "67", "missing_lines": 1, "excluded_lines": 0, "percent_statements_covered": 75.0, "percent_statements_covered_display": "75", "num_branches": 2, "num_partial_branches": 1, "covered_branches": 1, "missing_branches": 1, "percent_branches_covered": 50.0, "percent_branches_covered_display": "50"}, "missing_lines": [691], "excluded_lines": [], "start_line": 688, "executed_branches": [[690, 692]], "missing_branches": [[690, 691]]}, "XorDeltaMatrix.inverse": {"executed_lines": [695, 696, 698], "summary": {"covered_lines": 3, "num_statements": 4, "percent_covered": 66.66666666666667, "percent_covered_display": "67", "missing_lines": 1, "excluded_lines": 0, "percent_statements_covered": 75.0, "percent_statements_covered_display": "75", "num_branches": 2, "num_partial_branches": 1, "covered_branches": 1, "missing_branches": 1, "percent_branches_covered": 50.0, "percent_branches_covered_display": "50"}, "missing_lines": [697], "excluded_lines": [], "start_line": 694, "executed_branches": [[696, 698]], "missing_branches": [[696, 697]]}, "XorDeltaMatrix.entropy_preservation_statement": {"executed_lines": [701], "summary": {"covered_lines": 1, "num_statements": 1, "percent_covered": 100.0, "percent_covered_display": "100", "missing_lines": 0, "excluded_lines": 0, "percent_statements_covered": 100.0, "percent_statements_covered_display": "100", "num_branches": 0, "num_partial_branches": 0, "covered_branches": 0, "missing_branches": 0, "percent_branches_covered": 100.0, "percent_branches_covered_display": "100"}, "missing_lines": [], "excluded_lines": [], "start_line": 700, "executed_branches": [], "missing_branches": []}, "XorDeltaMatrix.to_dict": {"executed_lines": [708], "summary": {"covered_lines": 1, "num_statements": 1, "percent_covered": 100.0, "percent_covered_display": "100", "missing_lines": 0, "excluded_lines": 0, "percent_statements_covered": 100.0, "percent_statements_covered_display": "100", "num_branches": 0, "num_partial_branches": 0, "covered_branches": 0, "missing_branches": 0, "percent_branches_covered": 100.0, "percent_branches_covered_display": "100"}, "missing_lines": [], "excluded_lines": [], "start_line": 707, "executed_branches": [], "missing_branches": []}, "xor_delta_matrix": {"executed_lines": [742, 743, 744, 745, 746, 747, 748, 754, 755], "summary": {"covered_lines": 9, "num_statements": 13, "percent_covered": 58.8235294117647, "percent_covered_display": "59", "missing_lines": 4, "excluded_lines": 0, "percent_statements_covered": 69.23076923076923, "percent_statements_covered_display": "69", "num_branches": 4, "num_partial_branches": 1, "covered_branches": 1, "missing_branches": 3, "percent_branches_covered": 25.0, "percent_branches_covered_display": "25"}, "missing_lines": [749, 750, 751, 753], "excluded_lines": [], "start_line": 734, "executed_branches": [[746, 747]], "missing_branches": [[746, 749], [749, 750], [749, 753]]}, "parity_coset": {"executed_lines": [772], "summary": {"covered_lines": 1, "num_statements": 1, "percent_covered": 100.0, "percent_covered_display": "100", "missing_lines": 0, "excluded_lines": 0, "percent_statements_covered": 100.0, "percent_statements_covered_display": "100", "num_branches": 0, "num_partial_branches": 0, "covered_branches": 0, "missing_branches": 0, "percent_branches_covered": 100.0, "percent_branches_covered_display": "100"}, "missing_lines": [], "excluded_lines": [], "start_line": 769, "executed_branches": [], "missing_branches": []}, "even_delta_subspace_member": {"executed_lines": [776], "summary": {"covered_lines": 1, "num_statements": 1, "percent_covered": 100.0, "percent_covered_display": "100", "missing_lines": 0, "excluded_lines": 0, "percent_statements_covered": 100.0, "percent_statements_covered_display": "100", "num_branches": 0, "num_partial_branches": 0, "covered_branches": 0, "missing_branches": 0, "percent_branches_covered": 100.0, "percent_branches_covered_display": "100"}, "missing_lines": [], "excluded_lines": [], "start_line": 775, "executed_branches": [], "missing_branches": []}, "xor_translation_preserves_parity": {"executed_lines": [780, 782, 783], "summary": {"covered_lines": 3, "num_statements": 4, "percent_covered": 66.66666666666667, "percent_covered_display": "67", "missing_lines": 1, "excluded_lines": 0, "percent_statements_covered": 75.0, "percent_statements_covered_display": "75", "num_branches": 2, "num_partial_branches": 1, "covered_branches": 1, "missing_branches": 1, "percent_branches_covered": 50.0, "percent_branches_covered_display": "50"}, "missing_lines": [781], "excluded_lines": [], "start_line": 779, "executed_branches": [[780, 782]], "missing_branches": [[780, 781]]}, "SemanticBoundaryProfile.__post_init__": {"executed_lines": [801, 803, 804, 806, 808, 810, 811], "summary": {"covered_lines": 7, "num_statements": 11, "percent_covered": 65.21739130434783, "percent_covered_display": "65", "missing_lines": 4, "excluded_lines": 0, "percent_statements_covered": 63.63636363636363, "percent_statements_covered_display": "64", "num_branches": 12, "num_partial_branches": 4, "covered_branches": 8, "missing_branches": 4, "percent_branches_covered": 66.66666666666667, "percent_branches_covered_display": "67"}, "missing_lines": [802, 805, 807, 809], "excluded_lines": [], "start_line": 800, "executed_branches": [[801, 803], [803, 804], [803, 808], [804, 806], [806, 803], [808, 810], [810, -800], [810, 811]], "missing_branches": [[801, 802], [804, 805], [806, 807], [808, 809]]}, "SemanticBoundaryProfile.value": {"executed_lines": [814, 815], "summary": {"covered_lines": 2, "num_statements": 4, "percent_covered": 50.0, "percent_covered_display": "50", "missing_lines": 2, "excluded_lines": 0, "percent_statements_covered": 50.0, "percent_statements_covered_display": "50", "num_branches": 0, "num_partial_branches": 0, "covered_branches": 0, "missing_branches": 0, "percent_branches_covered": 100.0, "percent_branches_covered_display": "100"}, "missing_lines": [816, 817], "excluded_lines": [], "start_line": 813, "executed_branches": [], "missing_branches": []}, "SemanticBoundaryProfile.equivalent": {"executed_lines": [820], "summary": {"covered_lines": 1, "num_statements": 1, "percent_covered": 100.0, "percent_covered_display": "100", "missing_lines": 0, "excluded_lines": 0, "percent_statements_covered": 100.0, "percent_statements_covered_display": "100", "num_branches": 0, "num_partial_branches": 0, "covered_branches": 0, "missing_branches": 0, "percent_branches_covered": 100.0, "percent_branches_covered_display": "100"}, "missing_lines": [], "excluded_lines": [], "start_line": 819, "executed_branches": [], "missing_branches": []}, "SemanticBoundaryProfile.quotient_key": {"executed_lines": [], "summary": {"covered_lines": 0, "num_statements": 1, "percent_covered": 0.0, "percent_covered_display": "0", "missing_lines": 1, "excluded_lines": 0, "percent_statements_covered": 0.0, "percent_statements_covered_display": "0", "num_branches": 0, "num_partial_branches": 0, "covered_branches": 0, "missing_branches": 0, "percent_branches_covered": 100.0, "percent_branches_covered_display": "100"}, "missing_lines": [823], "excluded_lines": [], "start_line": 822, "executed_branches": [], "missing_branches": []}, "SemanticBoundaryProfile.quotient_distance": {"executed_lines": [826], "summary": {"covered_lines": 1, "num_statements": 1, "percent_covered": 100.0, "percent_covered_display": "100", "missing_lines": 0, "excluded_lines": 0, "percent_statements_covered": 100.0, "percent_statements_covered_display": "100", "num_branches": 0, "num_partial_branches": 0, "covered_branches": 0, "missing_branches": 0, "percent_branches_covered": 100.0, "percent_branches_covered_display": "100"}, "missing_lines": [], "excluded_lines": [], "start_line": 825, "executed_branches": [], "missing_branches": []}, "SemanticBoundaryProfile.spatial_pseudodistance": {"executed_lines": [830], "summary": {"covered_lines": 1, "num_statements": 1, "percent_covered": 100.0, "percent_covered_display": "100", "missing_lines": 0, "excluded_lines": 0, "percent_statements_covered": 100.0, "percent_statements_covered_display": "100", "num_branches": 0, "num_partial_branches": 0, "covered_branches": 0, "missing_branches": 0, "percent_branches_covered": 100.0, "percent_branches_covered_display": "100"}, "missing_lines": [], "excluded_lines": [], "start_line": 828, "executed_branches": [], "missing_branches": []}, "SemanticBoundaryProfile.signed_residual": {"executed_lines": [833], "summary": {"covered_lines": 1, "num_statements": 1, "percent_covered": 100.0, "percent_covered_display": "100", "missing_lines": 0, "excluded_lines": 0, "percent_statements_covered": 100.0, "percent_statements_covered_display": "100", "num_branches": 0, "num_partial_branches": 0, "covered_branches": 0, "missing_branches": 0, "percent_branches_covered": 100.0, "percent_branches_covered_display": "100"}, "missing_lines": [], "excluded_lines": [], "start_line": 832, "executed_branches": [], "missing_branches": []}, "SemanticBoundaryProfile.spatial_signed_residual": {"executed_lines": [836], "summary": {"covered_lines": 1, "num_statements": 1, "percent_covered": 100.0, "percent_covered_display": "100", "missing_lines": 0, "excluded_lines": 0, "percent_statements_covered": 100.0, "percent_statements_covered_display": "100", "num_branches": 0, "num_partial_branches": 0, "covered_branches": 0, "missing_branches": 0, "percent_branches_covered": 100.0, "percent_branches_covered_display": "100"}, "missing_lines": [], "excluded_lines": [], "start_line": 835, "executed_branches": [], "missing_branches": []}, "SemanticBoundaryProfile.zero_set": {"executed_lines": [839], "summary": {"covered_lines": 1, "num_statements": 1, "percent_covered": 100.0, "percent_covered_display": "100", "missing_lines": 0, "excluded_lines": 0, "percent_statements_covered": 100.0, "percent_statements_covered_display": "100", "num_branches": 0, "num_partial_branches": 0, "covered_branches": 0, "missing_branches": 0, "percent_branches_covered": 100.0, "percent_branches_covered_display": "100"}, "missing_lines": [], "excluded_lines": [], "start_line": 838, "executed_branches": [], "missing_branches": []}, "SemanticBoundaryProfile.distance_to_zero_set": {"executed_lines": [844, 845], "summary": {"covered_lines": 2, "num_statements": 2, "percent_covered": 100.0, "percent_covered_display": "100", "missing_lines": 0, "excluded_lines": 0, "percent_statements_covered": 100.0, "percent_statements_covered_display": "100", "num_branches": 0, "num_partial_branches": 0, "covered_branches": 0, "missing_branches": 0, "percent_branches_covered": 100.0, "percent_branches_covered_display": "100"}, "missing_lines": [], "excluded_lines": [], "start_line": 843, "executed_branches": [], "missing_branches": []}, "SemanticBoundaryProfile.sdf_identity_holds": {"executed_lines": [851], "summary": {"covered_lines": 1, "num_statements": 1, "percent_covered": 100.0, "percent_covered_display": "100", "missing_lines": 0, "excluded_lines": 0, "percent_statements_covered": 100.0, "percent_statements_covered_display": "100", "num_branches": 0, "num_partial_branches": 0, "covered_branches": 0, "missing_branches": 0, "percent_branches_covered": 100.0, "percent_branches_covered_display": "100"}, "missing_lines": [], "excluded_lines": [], "start_line": 850, "executed_branches": [], "missing_branches": []}, "SemanticBoundaryProfile.guard": {"executed_lines": [859, 861], "summary": {"covered_lines": 2, "num_statements": 3, "percent_covered": 60.0, "percent_covered_display": "60", "missing_lines": 1, "excluded_lines": 0, "percent_statements_covered": 66.66666666666667, "percent_statements_covered_display": "67", "num_branches": 2, "num_partial_branches": 1, "covered_branches": 1, "missing_branches": 1, "percent_branches_covered": 50.0, "percent_branches_covered_display": "50"}, "missing_lines": [860], "excluded_lines": [], "start_line": 858, "executed_branches": [[859, 861]], "missing_branches": [[859, 860]]}, "SemanticBoundaryProfile.to_dict": {"executed_lines": [864], "summary": {"covered_lines": 1, "num_statements": 1, "percent_covered": 100.0, "percent_covered_display": "100", "missing_lines": 0, "excluded_lines": 0, "percent_statements_covered": 100.0, "percent_statements_covered_display": "100", "num_branches": 0, "num_partial_branches": 0, "covered_branches": 0, "missing_branches": 0, "percent_branches_covered": 100.0, "percent_branches_covered_display": "100"}, "missing_lines": [], "excluded_lines": [], "start_line": 863, "executed_branches": [], "missing_branches": []}, "SyntheticBEACertificate.valid": {"executed_lines": [896, 903], "summary": {"covered_lines": 2, "num_statements": 2, "percent_covered": 100.0, "percent_covered_display": "100", "missing_lines": 0, "excluded_lines": 0, "percent_statements_covered": 100.0, "percent_statements_covered_display": "100", "num_branches": 0, "num_partial_branches": 0, "covered_branches": 0, "missing_branches": 0, "percent_branches_covered": 100.0, "percent_branches_covered_display": "100"}, "missing_lines": [], "excluded_lines": [], "start_line": 895, "executed_branches": [], "missing_branches": []}, "SyntheticBEACertificate.claim_level": {"executed_lines": [917], "summary": {"covered_lines": 1, "num_statements": 1, "percent_covered": 100.0, "percent_covered_display": "100", "missing_lines": 0, "excluded_lines": 0, "percent_statements_covered": 100.0, "percent_statements_covered_display": "100", "num_branches": 0, "num_partial_branches": 0, "covered_branches": 0, "missing_branches": 0, "percent_branches_covered": 100.0, "percent_branches_covered_display": "100"}, "missing_lines": [], "excluded_lines": [], "start_line": 916, "executed_branches": [], "missing_branches": []}, "SyntheticBEACertificate.to_dict": {"executed_lines": [920], "summary": {"covered_lines": 1, "num_statements": 1, "percent_covered": 100.0, "percent_covered_display": "100", "missing_lines": 0, "excluded_lines": 0, "percent_statements_covered": 100.0, "percent_statements_covered_display": "100", "num_branches": 0, "num_partial_branches": 0, "covered_branches": 0, "missing_branches": 0, "percent_branches_covered": 100.0, "percent_branches_covered_display": "100"}, "missing_lines": [], "excluded_lines": [], "start_line": 919, "executed_branches": [], "missing_branches": []}, "build_synthetic_bea_certificate": {"executed_lines": [950, 951, 952, 953, 954, 955, 956, 957, 958, 959, 960, 965, 989, 991], "summary": {"covered_lines": 14, "num_statements": 15, "percent_covered": 88.23529411764706, "percent_covered_display": "88", "missing_lines": 1, "excluded_lines": 0, "percent_statements_covered": 93.33333333333333, "percent_statements_covered_display": "93", "num_branches": 2, "num_partial_branches": 1, "covered_branches": 1, "missing_branches": 1, "percent_branches_covered": 50.0, "percent_branches_covered_display": "50"}, "missing_lines": [990], "excluded_lines": [], "start_line": 943, "executed_branches": [[989, 991]], "missing_branches": [[989, 990]]}, "": {"executed_lines": [23, 25, 26, 27, 28, 31, 39, 40, 43, 44, 45, 46, 48, 64, 65, 68, 69, 70, 71, 72, 73, 74, 76, 84, 95, 117, 118, 119, 120, 121, 124, 125, 126, 127, 128, 129, 130, 131, 133, 134, 137, 138, 141, 142, 146, 147, 150, 151, 152, 153, 154, 155, 156, 157, 159, 160, 164, 165, 169, 175, 187, 188, 191, 192, 193, 194, 195, 196, 198, 213, 214, 217, 218, 221, 222, 231, 232, 236, 237, 240, 241, 244, 245, 248, 257, 269, 284, 384, 385, 386, 387, 388, 389, 390, 391, 392, 393, 394, 396, 397, 405, 460, 479, 480, 483, 484, 485, 486, 487, 489, 490, 493, 494, 505, 514, 527, 554, 585, 589, 593, 594, 597, 598, 599, 600, 601, 602, 603, 604, 605, 606, 608, 618, 619, 622, 623, 626, 627, 630, 631, 634, 635, 638, 639, 642, 643, 646, 647, 650, 651, 654, 655, 665, 666, 669, 685, 688, 694, 700, 707, 734, 769, 775, 779, 786, 787, 788, 789, 792, 793, 796, 797, 798, 800, 813, 819, 822, 825, 828, 832, 835, 838, 843, 850, 858, 863, 876, 877, 878, 879, 880, 881, 882, 883, 884, 885, 886, 887, 888, 889, 890, 891, 892, 894, 895, 915, 916, 919, 943, 994, 1001], "summary": {"covered_lines": 211, "num_statements": 211, "percent_covered": 100.0, "percent_covered_display": "100", "missing_lines": 0, "excluded_lines": 0, "percent_statements_covered": 100.0, "percent_statements_covered_display": "100", "num_branches": 0, "num_partial_branches": 0, "covered_branches": 0, "missing_branches": 0, "percent_branches_covered": 100.0, "percent_branches_covered_display": "100"}, "missing_lines": [], "excluded_lines": [], "start_line": 1, "executed_branches": [], "missing_branches": []}}, "classes": {"RepresentationAnnotation": {"executed_lines": [49, 51, 53, 55, 57, 58, 60, 61], "summary": {"covered_lines": 8, "num_statements": 13, "percent_covered": 62.96296296296296, "percent_covered_display": "63", "missing_lines": 5, "excluded_lines": 0, "percent_statements_covered": 61.53846153846154, "percent_statements_covered_display": "62", "num_branches": 14, "num_partial_branches": 5, "covered_branches": 9, "missing_branches": 5, "percent_branches_covered": 64.28571428571429, "percent_branches_covered_display": "64"}, "missing_lines": [50, 52, 54, 56, 59], "excluded_lines": [], "start_line": 40, "executed_branches": [[49, 51], [51, 53], [53, 55], [55, 57], [57, -48], [57, 58], [58, 60], [60, 57], [60, 61]], "missing_branches": [[49, 50], [51, 52], [53, 54], [55, 56], [58, 59]]}, "SyntheticTextProfile": {"executed_lines": [77, 79, 80, 81, 85, 87, 88, 89, 93, 96, 97, 100, 101, 102, 103, 107], "summary": {"covered_lines": 16, "num_statements": 19, "percent_covered": 77.41935483870968, "percent_covered_display": "77", "missing_lines": 3, "excluded_lines": 0, "percent_statements_covered": 84.21052631578948, "percent_statements_covered_display": "84", "num_branches": 12, "num_partial_branches": 4, "covered_branches": 8, "missing_branches": 4, "percent_branches_covered": 66.66666666666667, "percent_branches_covered_display": "67"}, "missing_lines": [78, 82, 86], "excluded_lines": [], "start_line": 65, "executed_branches": [[77, 79], [79, 80], [79, 81], [81, -76], [85, 87], [88, 89], [97, 100], [97, 101]], "missing_branches": [[77, 78], [81, 82], [85, 86], [88, 93]]}, "TransducedCell": {"executed_lines": [], "summary": {"covered_lines": 0, "num_statements": 0, "percent_covered": 100.0, "percent_covered_display": "100", "missing_lines": 0, "excluded_lines": 0, "percent_statements_covered": 100.0, "percent_statements_covered_display": "100", "num_branches": 0, "num_partial_branches": 0, "covered_branches": 0, "missing_branches": 0, "percent_branches_covered": 100.0, "percent_branches_covered_display": "100"}, "missing_lines": [], "excluded_lines": [], "start_line": 118, "executed_branches": [], "missing_branches": []}, "TransducedRepresentation": {"executed_lines": [135, 139, 143], "summary": {"covered_lines": 3, "num_statements": 3, "percent_covered": 100.0, "percent_covered_display": "100", "missing_lines": 0, "excluded_lines": 0, "percent_statements_covered": 100.0, "percent_statements_covered_display": "100", "num_branches": 0, "num_partial_branches": 0, "covered_branches": 0, "missing_branches": 0, "percent_branches_covered": 100.0, "percent_branches_covered_display": "100"}, "missing_lines": [], "excluded_lines": [], "start_line": 125, "executed_branches": [], "missing_branches": []}, "CellEdge": {"executed_lines": [161], "summary": {"covered_lines": 1, "num_statements": 1, "percent_covered": 100.0, "percent_covered_display": "100", "missing_lines": 0, "excluded_lines": 0, "percent_statements_covered": 100.0, "percent_statements_covered_display": "100", "num_branches": 0, "num_partial_branches": 0, "covered_branches": 0, "missing_branches": 0, "percent_branches_covered": 100.0, "percent_branches_covered_display": "100"}, "missing_lines": [], "excluded_lines": [], "start_line": 147, "executed_branches": [], "missing_branches": []}, "_UnionFind": {"executed_lines": [166, 167, 170, 171, 172, 173, 176, 177, 178, 180, 182, 183, 184], "summary": {"covered_lines": 13, "num_statements": 15, "percent_covered": 82.6086956521739, "percent_covered_display": "83", "missing_lines": 2, "excluded_lines": 0, "percent_statements_covered": 86.66666666666667, "percent_statements_covered_display": "87", "num_branches": 8, "num_partial_branches": 2, "covered_branches": 6, "missing_branches": 2, "percent_branches_covered": 75.0, "percent_branches_covered_display": "75"}, "missing_lines": [179, 181], "excluded_lines": [], "start_line": 164, "executed_branches": [[171, 172], [171, 173], [178, 180], [180, 182], [183, -175], [183, 184]], "missing_branches": [[178, 179], [180, 181]]}, "CellComplex1D": {"executed_lines": [199, 200, 202, 204, 205, 207, 208, 210, 215, 219, 223, 225, 226, 227, 228, 229, 234, 238, 242, 246, 249, 258], "summary": {"covered_lines": 22, "num_statements": 28, "percent_covered": 73.91304347826087, "percent_covered_display": "74", "missing_lines": 6, "excluded_lines": 0, "percent_statements_covered": 78.57142857142857, "percent_statements_covered_display": "79", "num_branches": 18, "num_partial_branches": 6, "covered_branches": 12, "missing_branches": 6, "percent_branches_covered": 66.66666666666667, "percent_branches_covered_display": "67"}, "missing_lines": [201, 203, 206, 209, 211, 224], "excluded_lines": [], "start_line": 188, "executed_branches": [[200, 202], [202, 204], [205, 207], [207, -198], [207, 208], [208, 210], [210, 207], [223, 225], [226, 227], [226, 229], [227, 226], [227, 228]], "missing_branches": [[200, 201], [202, 203], [205, 206], [208, 209], [210, 211], [223, 224]]}, "SpaceHoleTradeRecord": {"executed_lines": [398], "summary": {"covered_lines": 1, "num_statements": 1, "percent_covered": 100.0, "percent_covered_display": "100", "missing_lines": 0, "excluded_lines": 0, "percent_statements_covered": 100.0, "percent_statements_covered_display": "100", "num_branches": 0, "num_partial_branches": 0, "covered_branches": 0, "missing_branches": 0, "percent_branches_covered": 100.0, "percent_branches_covered_display": "100"}, "missing_lines": [], "excluded_lines": [], "start_line": 385, "executed_branches": [], "missing_branches": []}, "TorusImmersionCertificate": {"executed_lines": [491, 495, 496, 506, 508, 510, 511, 512, 515], "summary": {"covered_lines": 9, "num_statements": 11, "percent_covered": 73.33333333333333, "percent_covered_display": "73", "missing_lines": 2, "excluded_lines": 0, "percent_statements_covered": 81.81818181818181, "percent_statements_covered_display": "82", "num_branches": 4, "num_partial_branches": 2, "covered_branches": 2, "missing_branches": 2, "percent_branches_covered": 50.0, "percent_branches_covered_display": "50"}, "missing_lines": [507, 509], "excluded_lines": [], "start_line": 480, "executed_branches": [[506, 508], [508, 510]], "missing_branches": [[506, 507], [508, 509]]}, "XorDeltaMatrix": {"executed_lines": [609, 611, 613, 615, 620, 624, 628, 632, 636, 640, 644, 648, 652, 656, 657, 658, 659, 667, 670, 671, 672, 673, 675, 677, 678, 679, 683, 686, 689, 690, 692, 695, 696, 698, 701, 708], "summary": {"covered_lines": 36, "num_statements": 44, "percent_covered": 75.0, "percent_covered_display": "75", "missing_lines": 8, "excluded_lines": 0, "percent_statements_covered": 81.81818181818181, "percent_statements_covered_display": "82", "num_branches": 20, "num_partial_branches": 8, "covered_branches": 12, "missing_branches": 8, "percent_branches_covered": 60.0, "percent_branches_covered_display": "60"}, "missing_lines": [610, 612, 614, 616, 674, 676, 691, 697], "excluded_lines": [], "start_line": 594, "executed_branches": [[609, 611], [611, 613], [613, 615], [615, -608], [657, 658], [657, 659], [672, 673], [672, 683], [673, 675], [675, 677], [690, 692], [696, 698]], "missing_branches": [[609, 610], [611, 612], [613, 614], [615, 616], [673, 674], [675, 676], [690, 691], [696, 697]]}, "SemanticPoint": {"executed_lines": [], "summary": {"covered_lines": 0, "num_statements": 0, "percent_covered": 100.0, "percent_covered_display": "100", "missing_lines": 0, "excluded_lines": 0, "percent_statements_covered": 100.0, "percent_statements_covered_display": "100", "num_branches": 0, "num_partial_branches": 0, "covered_branches": 0, "missing_branches": 0, "percent_branches_covered": 100.0, "percent_branches_covered_display": "100"}, "missing_lines": [], "excluded_lines": [], "start_line": 787, "executed_branches": [], "missing_branches": []}, "SemanticBoundaryProfile": {"executed_lines": [801, 803, 804, 806, 808, 810, 811, 814, 815, 820, 826, 830, 833, 836, 839, 844, 845, 851, 859, 861, 864], "summary": {"covered_lines": 21, "num_statements": 29, "percent_covered": 69.76744186046511, "percent_covered_display": "70", "missing_lines": 8, "excluded_lines": 0, "percent_statements_covered": 72.41379310344827, "percent_statements_covered_display": "72", "num_branches": 14, "num_partial_branches": 5, "covered_branches": 9, "missing_branches": 5, "percent_branches_covered": 64.28571428571429, "percent_branches_covered_display": "64"}, "missing_lines": [802, 805, 807, 809, 816, 817, 823, 860], "excluded_lines": [], "start_line": 793, "executed_branches": [[801, 803], [803, 804], [803, 808], [804, 806], [806, 803], [808, 810], [810, -800], [810, 811], [859, 861]], "missing_branches": [[801, 802], [804, 805], [806, 807], [808, 809], [859, 860]]}, "SyntheticBEACertificate": {"executed_lines": [896, 903, 917, 920], "summary": {"covered_lines": 4, "num_statements": 4, "percent_covered": 100.0, "percent_covered_display": "100", "missing_lines": 0, "excluded_lines": 0, "percent_statements_covered": 100.0, "percent_statements_covered_display": "100", "num_branches": 0, "num_partial_branches": 0, "covered_branches": 0, "missing_branches": 0, "percent_branches_covered": 100.0, "percent_branches_covered_display": "100"}, "missing_lines": [], "excluded_lines": [], "start_line": 877, "executed_branches": [], "missing_branches": []}, "": {"executed_lines": [23, 25, 26, 27, 28, 31, 39, 40, 43, 44, 45, 46, 48, 64, 65, 68, 69, 70, 71, 72, 73, 74, 76, 84, 95, 117, 118, 119, 120, 121, 124, 125, 126, 127, 128, 129, 130, 131, 133, 134, 137, 138, 141, 142, 146, 147, 150, 151, 152, 153, 154, 155, 156, 157, 159, 160, 164, 165, 169, 175, 187, 188, 191, 192, 193, 194, 195, 196, 198, 213, 214, 217, 218, 221, 222, 231, 232, 236, 237, 240, 241, 244, 245, 248, 257, 269, 270, 271, 272, 273, 274, 275, 276, 277, 278, 279, 280, 281, 284, 299, 300, 301, 302, 305, 306, 307, 308, 310, 311, 312, 313, 314, 316, 317, 318, 319, 320, 321, 332, 333, 335, 336, 351, 352, 353, 354, 355, 356, 368, 377, 378, 379, 381, 384, 385, 386, 387, 388, 389, 390, 391, 392, 393, 394, 396, 397, 405, 413, 414, 416, 417, 420, 421, 422, 423, 424, 427, 428, 429, 430, 435, 436, 444, 455, 457, 460, 463, 464, 465, 466, 467, 468, 476, 479, 480, 483, 484, 485, 486, 487, 489, 490, 493, 494, 505, 514, 527, 528, 529, 531, 532, 533, 534, 535, 536, 537, 540, 541, 542, 543, 544, 545, 546, 547, 549, 550, 551, 554, 557, 559, 560, 563, 567, 569, 573, 580, 582, 585, 586, 589, 590, 593, 594, 597, 598, 599, 600, 601, 602, 603, 604, 605, 606, 608, 618, 619, 622, 623, 626, 627, 630, 631, 634, 635, 638, 639, 642, 643, 646, 647, 650, 651, 654, 655, 665, 666, 669, 685, 688, 694, 700, 707, 734, 742, 743, 744, 745, 746, 747, 748, 754, 755, 769, 772, 775, 776, 779, 780, 782, 783, 786, 787, 788, 789, 792, 793, 796, 797, 798, 800, 813, 819, 822, 825, 828, 832, 835, 838, 843, 850, 858, 863, 876, 877, 878, 879, 880, 881, 882, 883, 884, 885, 886, 887, 888, 889, 890, 891, 892, 894, 895, 915, 916, 919, 943, 950, 951, 952, 953, 954, 955, 956, 957, 958, 959, 960, 965, 989, 991, 994, 1001], "summary": {"covered_lines": 341, "num_statements": 361, "percent_covered": 90.67599067599068, "percent_covered_display": "91", "missing_lines": 20, "excluded_lines": 0, "percent_statements_covered": 94.45983379501385, "percent_statements_covered_display": "94", "num_branches": 68, "num_partial_branches": 18, "covered_branches": 48, "missing_branches": 20, "percent_branches_covered": 70.58823529411765, "percent_branches_covered_display": "71"}, "missing_lines": [303, 315, 334, 380, 415, 425, 456, 530, 538, 539, 548, 558, 568, 581, 749, 750, 751, 753, 781, 990], "excluded_lines": [], "start_line": 1, "executed_branches": [[272, 273], [272, 279], [273, 274], [273, 277], [274, 275], [277, 272], [277, 278], [279, 280], [302, 305], [310, 311], [310, 332], [314, 316], [316, 310], [316, 317], [332, 333], [332, 351], [333, 335], [351, 352], [351, 368], [379, 381], [414, 416], [416, 417], [416, 420], [421, 422], [421, 424], [422, 421], [422, 423], [424, 427], [455, 457], [465, 466], [465, 468], [529, 531], [535, 536], [535, 551], [537, 540], [543, 544], [543, 549], [544, 545], [544, 546], [547, 543], [557, 559], [559, 560], [559, 563], [567, 569], [580, 582], [746, 747], [780, 782], [989, 991]], "missing_branches": [[274, 272], [279, 281], [302, 303], [314, 315], [333, 334], [379, 380], [414, 415], [424, 425], [455, 456], [529, 530], [537, 538], [547, 548], [557, 558], [567, 568], [580, 581], [746, 749], [749, 750], [749, 753], [780, 781], [989, 990]]}}}, "src\\ugts36\\canonical.py": {"executed_lines": [7, 9, 10, 11, 12, 15, 22, 31, 34, 35, 36, 39, 40, 43, 46, 49, 52, 53, 54, 57, 58, 59], "summary": {"covered_lines": 22, "num_statements": 22, "percent_covered": 100.0, "percent_covered_display": "100", "missing_lines": 0, "excluded_lines": 0, "percent_statements_covered": 100.0, "percent_statements_covered_display": "100", "num_branches": 0, "num_partial_branches": 0, "covered_branches": 0, "missing_branches": 0, "percent_branches_covered": 100.0, "percent_branches_covered_display": "100"}, "missing_lines": [], "excluded_lines": [], "executed_branches": [], "missing_branches": [], "functions": {"canonical_json": {"executed_lines": [22], "summary": {"covered_lines": 1, "num_statements": 1, "percent_covered": 100.0, "percent_covered_display": "100", "missing_lines": 0, "excluded_lines": 0, "percent_statements_covered": 100.0, "percent_statements_covered_display": "100", "num_branches": 0, "num_partial_branches": 0, "covered_branches": 0, "missing_branches": 0, "percent_branches_covered": 100.0, "percent_branches_covered_display": "100"}, "missing_lines": [], "excluded_lines": [], "start_line": 15, "executed_branches": [], "missing_branches": []}, "without_content_hash": {"executed_lines": [34, 35, 36], "summary": {"covered_lines": 3, "num_statements": 3, "percent_covered": 100.0, "percent_covered_display": "100", "missing_lines": 0, "excluded_lines": 0, "percent_statements_covered": 100.0, "percent_statements_covered_display": "100", "num_branches": 0, "num_partial_branches": 0, "covered_branches": 0, "missing_branches": 0, "percent_branches_covered": 100.0, "percent_branches_covered_display": "100"}, "missing_lines": [], "excluded_lines": [], "start_line": 31, "executed_branches": [], "missing_branches": []}, "sha256_text": {"executed_lines": [40], "summary": {"covered_lines": 1, "num_statements": 1, "percent_covered": 100.0, "percent_covered_display": "100", "missing_lines": 0, "excluded_lines": 0, "percent_statements_covered": 100.0, "percent_statements_covered_display": "100", "num_branches": 0, "num_partial_branches": 0, "covered_branches": 0, "missing_branches": 0, "percent_branches_covered": 100.0, "percent_branches_covered_display": "100"}, "missing_lines": [], "excluded_lines": [], "start_line": 39, "executed_branches": [], "missing_branches": []}, "definition_hash": {"executed_lines": [46], "summary": {"covered_lines": 1, "num_statements": 1, "percent_covered": 100.0, "percent_covered_display": "100", "missing_lines": 0, "excluded_lines": 0, "percent_statements_covered": 100.0, "percent_statements_covered_display": "100", "num_branches": 0, "num_partial_branches": 0, "covered_branches": 0, "missing_branches": 0, "percent_branches_covered": 100.0, "percent_branches_covered_display": "100"}, "missing_lines": [], "excluded_lines": [], "start_line": 43, "executed_branches": [], "missing_branches": []}, "attach_content_hash": {"executed_lines": [52, 53, 54], "summary": {"covered_lines": 3, "num_statements": 3, "percent_covered": 100.0, "percent_covered_display": "100", "missing_lines": 0, "excluded_lines": 0, "percent_statements_covered": 100.0, "percent_statements_covered_display": "100", "num_branches": 0, "num_partial_branches": 0, "covered_branches": 0, "missing_branches": 0, "percent_branches_covered": 100.0, "percent_branches_covered_display": "100"}, "missing_lines": [], "excluded_lines": [], "start_line": 49, "executed_branches": [], "missing_branches": []}, "verify_content_hash": {"executed_lines": [58, 59], "summary": {"covered_lines": 2, "num_statements": 2, "percent_covered": 100.0, "percent_covered_display": "100", "missing_lines": 0, "excluded_lines": 0, "percent_statements_covered": 100.0, "percent_statements_covered_display": "100", "num_branches": 0, "num_partial_branches": 0, "covered_branches": 0, "missing_branches": 0, "percent_branches_covered": 100.0, "percent_branches_covered_display": "100"}, "missing_lines": [], "excluded_lines": [], "start_line": 57, "executed_branches": [], "missing_branches": []}, "": {"executed_lines": [7, 9, 10, 11, 12, 15, 31, 39, 43, 49, 57], "summary": {"covered_lines": 11, "num_statements": 11, "percent_covered": 100.0, "percent_covered_display": "100", "missing_lines": 0, "excluded_lines": 0, "percent_statements_covered": 100.0, "percent_statements_covered_display": "100", "num_branches": 0, "num_partial_branches": 0, "covered_branches": 0, "missing_branches": 0, "percent_branches_covered": 100.0, "percent_branches_covered_display": "100"}, "missing_lines": [], "excluded_lines": [], "start_line": 1, "executed_branches": [], "missing_branches": []}}, "classes": {"": {"executed_lines": [7, 9, 10, 11, 12, 15, 22, 31, 34, 35, 36, 39, 40, 43, 46, 49, 52, 53, 54, 57, 58, 59], "summary": {"covered_lines": 22, "num_statements": 22, "percent_covered": 100.0, "percent_covered_display": "100", "missing_lines": 0, "excluded_lines": 0, "percent_statements_covered": 100.0, "percent_statements_covered_display": "100", "num_branches": 0, "num_partial_branches": 0, "covered_branches": 0, "missing_branches": 0, "percent_branches_covered": 100.0, "percent_branches_covered_display": "100"}, "missing_lines": [], "excluded_lines": [], "start_line": 1, "executed_branches": [], "missing_branches": []}}}, "src\\ugts36\\geometry.py": {"executed_lines": [3, 5, 6, 8, 9, 12, 13, 15, 17, 19, 20, 21, 22, 23, 24, 25, 26, 29, 30, 32, 34, 36, 37, 38, 39, 40, 41, 44, 50, 51, 53, 56, 57, 59, 61, 62, 63, 72, 73, 74, 75, 76, 77, 78, 81, 85, 86, 87, 88, 95, 96, 99, 100, 106, 107, 108, 109, 110, 111, 113, 116, 117, 119, 120, 121, 122, 123, 126, 127, 129, 130, 133, 134, 136, 139, 140, 143, 144, 147, 148, 151, 158], "summary": {"covered_lines": 82, "num_statements": 104, "percent_covered": 73.28767123287672, "percent_covered_display": "73", "missing_lines": 22, "excluded_lines": 0, "percent_statements_covered": 78.84615384615384, "percent_statements_covered_display": "79", "num_branches": 42, "num_partial_branches": 13, "covered_branches": 25, "missing_branches": 17, "percent_branches_covered": 59.523809523809526, "percent_branches_covered_display": "60"}, "missing_lines": [14, 16, 18, 31, 33, 35, 45, 46, 47, 52, 58, 60, 82, 112, 118, 128, 135, 152, 159, 160, 161, 162], "excluded_lines": [], "executed_branches": [[13, 15], [15, 17], [17, 19], [19, 20], [19, 21], [23, 24], [23, 26], [30, 32], [32, 34], [34, 36], [38, 39], [38, 41], [51, 53], [57, 59], [59, 61], [61, 62], [61, 63], [73, 74], [73, 75], [76, 77], [76, 78], [111, 113], [117, 119], [127, 129], [134, 136]], "missing_branches": [[13, 14], [15, 16], [17, 18], [30, 31], [32, 33], [34, 35], [45, 46], [45, 47], [51, 52], [57, 58], [59, 60], [111, 112], [117, 118], [127, 128], [134, 135], [160, 161], [160, 162]], "functions": {"digit_count": {"executed_lines": [13, 15, 17, 19, 20, 21, 22, 23, 24, 25, 26], "summary": {"covered_lines": 11, "num_statements": 14, "percent_covered": 75.0, "percent_covered_display": "75", "missing_lines": 3, "excluded_lines": 0, "percent_statements_covered": 78.57142857142857, "percent_statements_covered_display": "79", "num_branches": 10, "num_partial_branches": 3, "covered_branches": 7, "missing_branches": 3, "percent_branches_covered": 70.0, "percent_branches_covered_display": "70"}, "missing_lines": [14, 16, 18], "excluded_lines": [], "start_line": 12, "executed_branches": [[13, 15], [15, 17], [17, 19], [19, 20], [19, 21], [23, 24], [23, 26]], "missing_branches": [[13, 14], [15, 16], [17, 18]]}, "radix_digits": {"executed_lines": [30, 32, 34, 36, 37, 38, 39, 40, 41], "summary": {"covered_lines": 9, "num_statements": 12, "percent_covered": 70.0, "percent_covered_display": "70", "missing_lines": 3, "excluded_lines": 0, "percent_statements_covered": 75.0, "percent_statements_covered_display": "75", "num_branches": 8, "num_partial_branches": 3, "covered_branches": 5, "missing_branches": 3, "percent_branches_covered": 62.5, "percent_branches_covered_display": "62"}, "missi
[...]
ssing_branches": []}, "SCLPRuntime._shackle": {"executed_lines": [276, 277, 278, 279, 280], "summary": {"covered_lines": 5, "num_statements": 5, "percent_covered": 100.0, "percent_covered_display": "100", "missing_lines": 0, "excluded_lines": 0, "percent_statements_covered": 100.0, "percent_statements_covered_display": "100", "num_branches": 0, "num_partial_branches": 0, "covered_branches": 0, "missing_branches": 0, "percent_branches_covered": 100.0, "percent_branches_covered_display": "100"}, "missing_lines": [], "excluded_lines": [], "start_line": 275, "executed_branches": [], "missing_branches": []}, "SCLPRuntime._hinge": {"executed_lines": [284, 285, 290, 295, 296], "summary": {"covered_lines": 5, "num_statements": 5, "percent_covered": 100.0, "percent_covered_display": "100", "missing_lines": 0, "excluded_lines": 0, "percent_statements_covered": 100.0, "percent_statements_covered_display": "100", "num_branches": 0, "num_partial_branches": 0, "covered_branches": 0, "missing_branches": 0, "percent_branches_covered": 100.0, "percent_branches_covered_display": "100"}, "missing_lines": [], "excluded_lines": [], "start_line": 283, "executed_branches": [], "missing_branches": []}, "SCLPRuntime._branch": {"executed_lines": [306, 307, 308, 309, 310], "summary": {"covered_lines": 5, "num_statements": 5, "percent_covered": 100.0, "percent_covered_display": "100", "missing_lines": 0, "excluded_lines": 0, "percent_statements_covered": 100.0, "percent_statements_covered_display": "100", "num_branches": 0, "num_partial_branches": 0, "covered_branches": 0, "missing_branches": 0, "percent_branches_covered": 100.0, "percent_branches_covered_display": "100"}, "missing_lines": [], "excluded_lines": [], "start_line": 305, "executed_branches": [], "missing_branches": []}, "SCLPRuntime._grammar": {"executed_lines": [319, 320, 328, 329, 330, 331, 332, 333, 340, 341, 342, 343], "summary": {"covered_lines": 12, "num_statements": 12, "percent_covered": 100.0, "percent_covered_display": "100", "missing_lines": 0, "excluded_lines": 0, "percent_statements_covered": 100.0, "percent_statements_covered_display": "100", "num_branches": 0, "num_partial_branches": 0, "covered_branches": 0, "missing_branches": 0, "percent_branches_covered": 100.0, "percent_branches_covered_display": "100"}, "missing_lines": [], "excluded_lines": [], "start_line": 318, "executed_branches": [], "missing_branches": []}, "SCLPRuntime._sweep": {"executed_lines": [347, 348, 355, 356, 357], "summary": {"covered_lines": 5, "num_statements": 5, "percent_covered": 100.0, "percent_covered_display": "100", "missing_lines": 0, "excluded_lines": 0, "percent_statements_covered": 100.0, "percent_statements_covered_display": "100", "num_branches": 0, "num_partial_branches": 0, "covered_branches": 0, "missing_branches": 0, "percent_branches_covered": 100.0, "percent_branches_covered_display": "100"}, "missing_lines": [], "excluded_lines": [], "start_line": 346, "executed_branches": [], "missing_branches": []}, "SCLPRuntime._compression": {"executed_lines": [361, 362], "summary": {"covered_lines": 2, "num_statements": 2, "percent_covered": 100.0, "percent_covered_display": "100", "missing_lines": 0, "excluded_lines": 0, "percent_statements_covered": 100.0, "percent_statements_covered_display": "100", "num_branches": 0, "num_partial_branches": 0, "covered_branches": 0, "missing_branches": 0, "percent_branches_covered": 100.0, "percent_branches_covered_display": "100"}, "missing_lines": [], "excluded_lines": [], "start_line": 360, "executed_branches": [], "missing_branches": []}, "SCLPRuntime._certificate": {"executed_lines": [372, 373, 374, 384], "summary": {"covered_lines": 4, "num_statements": 4, "percent_covered": 100.0, "percent_covered_display": "100", "missing_lines": 0, "excluded_lines": 0, "percent_statements_covered": 100.0, "percent_statements_covered_display": "100", "num_branches": 0, "num_partial_branches": 0, "covered_branches": 0, "missing_branches": 0, "percent_branches_covered": 100.0, "percent_branches_covered_display": "100"}, "missing_lines": [], "excluded_lines": [], "start_line": 371, "executed_branches": [], "missing_branches": []}, "SCLPRuntime._handoff": {"executed_lines": [393, 394, 395, 396, 397, 398], "summary": {"covered_lines": 6, "num_statements": 6, "percent_covered": 100.0, "percent_covered_display": "100", "missing_lines": 0, "excluded_lines": 0, "percent_statements_covered": 100.0, "percent_statements_covered_display": "100", "num_branches": 0, "num_partial_branches": 0, "covered_branches": 0, "missing_branches": 0, "percent_branches_covered": 100.0, "percent_branches_covered_display": "100"}, "missing_lines": [], "excluded_lines": [], "start_line": 392, "executed_branches": [], "missing_branches": []}, "": {"executed_lines": [3, 5, 6, 7, 9, 10, 30, 31, 32, 33, 34, 37, 38, 65, 85, 86, 89, 90, 102, 103, 122, 123, 137, 138, 149, 150, 172, 173, 184, 185, 191, 192, 203, 204, 209, 210, 221, 222, 236, 237, 249, 250, 260, 261, 266, 267, 274, 275, 282, 283, 304, 305, 317, 318, 345, 346, 359, 360, 370, 371, 391, 392], "summary": {"covered_lines": 62, "num_statements": 62, "percent_covered": 100.0, "percent_covered_display": "100", "missing_lines": 0, "excluded_lines": 0, "percent_statements_covered": 100.0, "percent_statements_covered_display": "100", "num_branches": 0, "num_partial_branches": 0, "covered_branches": 0, "missing_branches": 0, "percent_branches_covered": 100.0, "percent_branches_covered_display": "100"}, "missing_lines": [], "excluded_lines": [], "start_line": 1, "executed_branches": [], "missing_branches": []}}, "classes": {"SCLPTraceEntry": {"executed_lines": [], "summary": {"covered_lines": 0, "num_statements": 0, "percent_covered": 100.0, "percent_covered_display": "100", "missing_lines": 0, "excluded_lines": 0, "percent_statements_covered": 100.0, "percent_statements_covered_display": "100", "num_branches": 0, "num_partial_branches": 0, "covered_branches": 0, "missing_branches": 0, "percent_branches_covered": 100.0, "percent_branches_covered_display": "100"}, "missing_lines": [], "excluded_lines": [], "start_line": 31, "executed_branches": [], "missing_branches": []}, "SCLPRuntime": {"executed_lines": [39, 40, 66, 67, 69, 70, 72, 73, 74, 75, 76, 77, 79, 80, 81, 82, 83, 87, 91, 104, 105, 106, 112, 113, 124, 125, 126, 127, 128, 129, 139, 140, 145, 146, 147, 151, 152, 158, 159, 160, 161, 162, 163, 174, 175, 180, 181, 182, 186, 187, 188, 189, 193, 194, 200, 201, 205, 206, 207, 211, 212, 213, 214, 223, 224, 225, 226, 227, 228, 238, 239, 240, 245, 246, 247, 251, 252, 262, 263, 264, 268, 269, 270, 271, 272, 276, 277, 278, 279, 280, 284, 285, 290, 295, 296, 306, 307, 308, 309, 310, 319, 320, 328, 329, 330, 331, 332, 333, 340, 341, 342, 343, 347, 348, 355, 356, 357, 361, 362, 372, 373, 374, 384, 393, 394, 395, 396, 397, 398], "summary": {"covered_lines": 129, "num_statements": 132, "percent_covered": 95.77464788732394, "percent_covered_display": "96", "missing_lines": 3, "excluded_lines": 0, "percent_statements_covered": 97.72727272727273, "percent_statements_covered_display": "98", "num_branches": 10, "num_partial_branches": 3, "covered_branches": 7, "missing_branches": 3, "percent_branches_covered": 70.0, "percent_branches_covered_display": "70"}, "missing_lines": [68, 71, 78], "excluded_lines": [], "start_line": 37, "executed_branches": [[67, 69], [70, 72], [74, 75], [74, 83], [77, 79], [186, 187], [186, 189]], "missing_branches": [[67, 68], [70, 71], [77, 78]]}, "": {"executed_lines": [3, 5, 6, 7, 9, 10, 30, 31, 32, 33, 34, 37, 38, 65, 85, 86, 89, 90, 102, 103, 122, 123, 137, 138, 149, 150, 172, 173, 184, 185, 191, 192, 203, 204, 209, 210, 221, 222, 236, 237, 249, 250, 260, 261, 266, 267, 274, 275, 282, 283, 304, 305, 317, 318, 345, 346, 359, 360, 370, 371, 391, 392], "summary": {"covered_lines": 62, "num_statements": 62, "percent_covered": 100.0, "percent_covered_display": "100", "missing_lines": 0, "excluded_lines": 0, "percent_statements_covered": 100.0, "percent_statements_covered_display": "100", "num_branches": 0, "num_partial_branches": 0, "covered_branches": 0, "missing_branches": 0, "percent_branches_covered": 100.0, "percent_branches_covered_display": "100"}, "missing_lines": [], "excluded_lines": [], "start_line": 1, "executed_branches": [], "missing_branches": []}}}, "src\\ugts36\\topology.py": {"executed_lines": [3, 5, 6, 8, 10, 13, 14, 17, 23, 24, 25, 26, 27, 30, 31, 32, 33, 34, 35, 36, 37, 38, 39, 40, 41, 42, 43, 44, 47, 48, 55, 56, 58, 59, 61, 62, 63, 64, 66, 67, 68, 69, 72, 73, 74, 75, 77, 78, 81, 82, 83, 84, 85, 86, 87, 88, 91, 92, 93, 94, 96, 97, 100, 101, 102, 103, 104, 105, 106, 107, 108, 109, 112, 115, 117, 119, 121, 122, 123, 124, 127, 130, 131, 132, 133, 138, 139, 140], "summary": {"covered_lines": 88, "num_statements": 99, "percent_covered": 83.21678321678321, "percent_covered_display": "83", "missing_lines": 11, "excluded_lines": 0, "percent_statements_covered": 88.88888888888889, "percent_statements_covered_display": "89", "num_branches": 44, "num_partial_branches": 11, "covered_branches": 31, "missing_branches": 13, "percent_branches_covered": 70.45454545454545, "percent_branches_covered_display": "70"}, "missing_lines": [28, 60, 65, 79, 98, 116, 118, 120, 134, 135, 137], "excluded_lines": [], "executed_branches": [[27, 30], [32, 33], [32, 41], [35, 32], [35, 36], [36, 35], [36, 37], [38, 35], [38, 39], [41, 42], [41, 44], [59, 61], [61, 62], [61, 63], [64, 66], [67, 68], [67, 69], [78, -77], [85, 86], [97, -96], [104, 105], [115, 117], [117, 119], [119, 121], [121, 122], [121, 123], [130, 131], [130, 132], [132, 133], [138, 139], [138, 140]], "missing_branches": [[27, 28], [59, 60], [64, 65], [78, 79], [85, 88], [97, 98], [104, 108], [115, 116], [117, 118], [119, 120], [132, 134], [134, 135], [134, 137]], "functions": {"topological_order": {"executed_lines": [23, 24, 25, 26, 27, 30, 31, 32, 33, 34, 35, 36, 37, 38, 39, 40, 41, 42, 43, 44], "summary": {"covered_lines": 20, "num_statements": 21, "percent_covered": 93.93939393939394, "percent_covered_display": "94", "missing_lines": 1, "excluded_lines": 0, "percent_statements_covered": 95.23809523809524, "percent_statements_covered_display": "95", "num_branches": 12, "num_partial_branches": 1, "covered_branches": 11, "missing_branches": 1, "percent_branches_covered": 91.66666666666667, "percent_branches_covered_display": "92"}, "missing_lines": [28], "excluded_lines": [], "start_line": 17, "executed_branches": [[27, 30], [32, 33], [32, 41], [35, 32], [35, 36], [36, 35], [36, 37], [38, 35], [38, 39], [41, 42], [41, 44]], "missing_branches": [[27, 28]]}, "PermutationHinge.apply": {"executed_lines": [59, 61, 62, 63, 64, 66, 67, 68, 69], "summary": {"covered_lines": 9, "num_statements": 11, "percent_covered": 78.94736842105263, "percent_covered_display": "79", "missing_lines": 2, "excluded_lines": 0, "percent_statements_covered": 81.81818181818181, "percent_statements_covered_display": "82", "num_branches": 8, "num_partial_branches": 2, "covered_branches": 6, "missing_branches": 2, "percent_branches_covered": 75.0, "percent_branches_covered_display": "75"}, "missing_lines": [60, 65], "excluded_lines": [], "start_line": 58, "executed_branches": [[59, 61], [61, 62], [61, 63], [64, 66], [67, 68], [67, 69]], "missing_branches": [[59, 60], [64, 65]]}, "MobiusQuotient.__post_init__": {"executed_lines": [78], "summary": {"covered_lines": 1, "num_statements": 2, "percent_covered": 50.0, "percent_covered_display": "50", "missing_lines": 1, "excluded_lines": 0, "percent_statements_covered": 50.0, "percent_statements_covered_display": "50", "num_branches": 2, "num_partial_branches": 1, "covered_branches": 1, "missing_branches": 1, "percent_branches_covered": 50.0, "percent_branches_covered_display": "50"}, "missing_lines": [79], "excluded_lines": [], "start_line": 77, "executed_branches": [[78, -77]], "missing_branches": [[78, 79]]}, "MobiusQuotient.map": {"executed_lines": [82, 83, 84, 85, 86, 87, 88], "summary": {"covered_lines": 7, "num_statements": 7, "percent_covered": 88.88888888888889, "percent_covered_display": "89", "missing_lines": 0, "excluded_lines": 0, "percent_statements_covered": 100.0, "percent_statements_covered_display": "100", "num_branches": 2, "num_partial_branches": 1, "covered_branches": 1, "missing_branches": 1, "percent_branches_covered": 50.0, "percent_branches_covered_display": "50"}, "missing_lines": [], "excluded_lines": [], "start_line": 81, "executed_branches": [[85, 86]], "missing_branches": [[85, 88]]}, "KleinQuotient.__post_init__": {"executed_lines": [97], "summary": {"covered_lines": 1, "num_statements": 2, "percent_covered": 50.0, "percent_covered_display": "50", "missing_lines": 1, "excluded_lines": 0, "percent_statements_covered": 50.0, "percent_statements_covered_display": "50", "num_branches": 2, "num_partial_branches": 1, "covered_branches": 1, "missing_branches": 1, "percent_branches_covered": 50.0, "percent_branches_covered_display": "50"}, "missing_lines": [98], "excluded_lines": [], "start_line": 96, "executed_branches": [[97, -96]], "missing_branches": [[97, 98]]}, "KleinQuotient.map": {"executed_lines": [101, 102, 103, 104, 105, 106, 107, 108, 109], "summary": {"covered_lines": 9, "num_statements": 9, "percent_covered": 90.9090909090909, "percent_covered_display": "91", "missing_lines": 0, "excluded_lines": 0, "percent_statements_covered": 100.0, "percent_statements_covered_display": "100", "num_branches": 2, "num_partial_branches": 1, "covered_branches": 1, "missing_branches": 1, "percent_branches_covered": 50.0, "percent_branches_covered_display": "50"}, "missing_lines": [], "excluded_lines": [], "start_line": 100, "executed_branches": [[104, 105]], "missing_branches": [[104, 108]]}, "crossing_time_linear": {"executed_lines": [115, 117, 119, 121, 122, 123, 124], "summary": {"covered_lines": 7, "num_statements": 10, "percent_covered": 66.66666666666667, "percent_covered_display": "67", "missing_lines": 3, "excluded_lines": 0, "percent_statements_covered": 70.0, "percent_statements_covered_display": "70", "num_branches": 8, "num_partial_branches": 3, "covered_branches": 5, "missing_branches": 3, "percent_branches_covered": 62.5, "percent_branches_covered_display": "62"}, "missing_lines": [116, 118, 120], "excluded_lines": [], "start_line": 112, "executed_branches": [[115, 117], [117, 119], [119, 121], [121, 122], [121, 123]], "missing_branches": [[115, 116], [117, 118], [119, 120]]}, "hourglass_route": {"executed_lines": [130, 131, 132, 133, 138, 139, 140], "summary": {"covered_lines": 7, "num_statements": 10, "percent_covered": 66.66666666666667, "percent_covered_display": "67", "missing_lines": 3, "excluded_lines": 0, "percent_statements_covered": 70.0, "percent_statements_covered_display": "70", "num_branches": 8, "num_partial_branches": 1, "covered_branches": 5, "missing_branches": 3, "percent_branches_covered": 62.5, "percent_branches_covered_display": "62"}, "missing_lines": [134, 135, 137], "excluded_lines": [], "start_line": 127, "executed_branches": [[130, 131], [130, 132], [132, 133], [138, 139], [138, 140]], "missing_branches": [[132, 134], [134, 135], [134, 137]]}, "": {"executed_lines": [3, 5, 6, 8, 10, 13, 14, 17, 47, 48, 55, 56, 58, 72, 73, 74, 75, 77, 81, 91, 92, 93, 94, 96, 100, 112, 127], "summary": {"covered_lines": 27, "num_statements": 27, "percent_covered": 100.0, "percent_covered_display": "100", "missing_lines": 0, "excluded_lines": 0, "percent_statements_covered": 100.0, "percent_statements_covered_display": "100", "num_branches": 0, "num_partial_branches": 0, "covered_branches": 0, "missing_branches": 0, "percent_branches_covered": 100.0, "percent_branches_covered_display": "100"}, "missing_lines": [], "excluded_lines": [], "start_line": 1, "executed_branches": [], "missing_branches": []}}, "classes": {"DefinitionCycleError": {"executed_lines": [], "summary": {"covered_lines": 0, "num_statements": 0, "percent_covered": 100.0, "percent_covered_display": "100", "missing_lines": 0, "excluded_lines": 0, "percent_statements_covered": 100.0, "percent_statements_covered_display": "100", "num_branches": 0, "num_partial_branches": 0, "covered_branches": 0, "missing_branches": 0, "percent_branches_covered": 100.0, "percent_branches_covered_display": "100"}, "missing_lines": [], "excluded_lines": [], "start_line": 13, "executed_branches": [], "missing_branches": []}, "PermutationHinge": {"executed_lines": [59, 61, 62, 63, 64, 66, 67, 68, 69], "summary": {"covered_lines": 9, "num_statements": 11, "percent_covered": 78.94736842105263, "percent_covered_display": "79", "missing_lines": 2, "excluded_lines": 0, "percent_statements_covered": 81.81818181818181, "percent_statements_covered_display": "82", "num_branches": 8, "num_partial_branches": 2, "covered_branches": 6, "missing_branches": 2, "percent_branches_covered": 75.0, "percent_branches_covered_display": "75"}, "missing_lines": [60, 65], "excluded_lines": [], "start_line": 48, "executed_branches": [[59, 61], [61, 62], [61, 63], [64, 66], [67, 68], [67, 69]], "missing_branches": [[59, 60], [64, 65]]}, "MobiusQuotient": {"executed_lines": [78, 82, 83, 84, 85, 86, 87, 88], "summary": {"covered_lines": 8, "num_statements": 9, "percent_covered": 76.92307692307692, "percent_covered_display": "77", "missing_lines": 1, "excluded_lines": 0, "percent_statements_covered": 88.88888888888889, "percent_statements_covered_display": "89", "num_branches": 4, "num_partial_branches": 2, "covered_branches": 2, "missing_branches": 2, "percent_branches_covered": 50.0, "percent_branches_covered_display": "50"}, "missing_lines": [79], "excluded_lines": [], "start_line": 73, "executed_branches": [[78, -77], [85, 86]], "missing_branches": [[78, 79], [85, 88]]}, "KleinQuotient": {"executed_lines": [97, 101, 102, 103, 104, 105, 106, 107, 108, 109], "summary": {"covered_lines": 10, "num_statements": 11, "percent_covered": 80.0, "percent_covered_display": "80", "missing_lines": 1, "excluded_lines": 0, "percent_statements_covered": 90.9090909090909, "percent_statements_covered_display": "91", "num_branches": 4, "num_partial_branches": 2, "covered_branches": 2, "missing_branches": 2, "percent_branches_covered": 50.0, "percent_branches_covered_display": "50"}, "missing_lines": [98], "excluded_lines": [], "start_line": 92, "executed_branches": [[97, -96], [104, 105]], "missing_branches": [[97, 98], [104, 108]]}, "": {"executed_lines": [3, 5, 6, 8, 10, 13, 14, 17, 23, 24, 25, 26, 27, 30, 31, 32, 33, 34, 35, 36, 37, 38, 39, 40, 41, 42, 43, 44, 47, 48, 55, 56, 58, 72, 73, 74, 75, 77, 81, 91, 92, 93, 94, 96, 100, 112, 115, 117, 119, 121, 122, 123, 124, 127, 130, 131, 132, 133, 138, 139, 140], "summary": {"covered_lines": 61, "num_statements": 68, "percent_covered": 85.41666666666667, "percent_covered_display": "85", "missing_lines": 7, "excluded_lines": 0, "percent_statements_covered": 89.70588235294117, "percent_statements_covered_display": "90", "num_branches": 28, "num_partial_branches": 5, "covered_branches": 21, "missing_branches": 7, "percent_branches_covered": 75.0, "percent_branches_covered_display": "75"}, "missing_lines": [28, 116, 118, 120, 134, 135, 137], "excluded_lines": [], "start_line": 1, "executed_branches": [[27, 30], [32, 33], [32, 41], [35, 32], [35, 36], [36, 35], [36, 37], [38, 35], [38, 39], [41, 42], [41, 44], [115, 117], [117, 119], [119, 121], [121, 122], [121, 123], [130, 131], [130, 132], [132, 133], [138, 139], [138, 140]], "missing_branches": [[27, 28], [115, 116], [117, 118], [119, 120], [132, 134], [134, 135], [134, 137]]}}}}, "totals": {"covered_lines": 2154, "num_statements": 2372, "percent_covered": 86.12945838837517, "percent_covered_display": "86", "missing_lines": 218, "excluded_lines": 0, "percent_statements_covered": 90.80944350758853, "percent_statements_covered_display": "91", "num_branches": 656, "num_partial_branches": 188, "covered_branches": 454, "missing_branches": 202, "percent_branches_covered": 69.20731707317073, "percent_branches_covered_display": "69"}}